<?xml version="1.0" encoding="UTF-8"?>
<robot generator="Robot 6.0.2 (Python 3.13.2 on win32)" generated="20251023 00:05:42.594" rpa="false" schemaversion="3">
<suite id="s1" name="Tests" source="C:\Users\chayanat.p\Downloads\Mono\Monoapi\tests">
<kw name="Ensure Logged In" library="common" type="SETUP">
<doc>มี token และยังใช้ได้ → ข้าม; ไม่มี/หมดอายุ → login ใหม่</doc>
<kw name="Run Keyword And Return Status" library="BuiltIn">
<var>${has_token}</var>
<arg>Should Not Be Empty</arg>
<arg>${ACCESS_TOKEN}</arg>
<doc>Runs the given keyword with given arguments and returns the status as a Boolean value.</doc>
<kw name="Should Not Be Empty" library="BuiltIn">
<arg>${ACCESS_TOKEN}</arg>
<doc>Verifies that the given item is not empty.</doc>
<msg timestamp="20251023 00:05:43.061" level="FAIL">Variable '${ACCESS_TOKEN}' not found.</msg>
<status status="FAIL" starttime="20251023 00:05:43.060" endtime="20251023 00:05:43.061"/>
</kw>
<msg timestamp="20251023 00:05:43.061" level="INFO">${has_token} = False</msg>
<status status="PASS" starttime="20251023 00:05:43.060" endtime="20251023 00:05:43.061"/>
</kw>
<if>
<branch type="IF" condition="not ${has_token}">
<kw name="POST Login Monomax" library="Post_Login">
<kw name="Create Session" library="RequestsLibrary">
<arg>POST_login</arg>
<arg>${Base_url}</arg>
<arg>verify=${Verify_flag}</arg>
<arg>disable_warnings=${Warning_flag}</arg>
<doc>Create Session: create a HTTP session to a server</doc>
<msg timestamp="20251023 00:05:43.062" level="INFO">Creating Session using : alias=POST_login, url=https://staging.monomax.me/api/v2, headers={},                     cookies={}, auth=None, timeout=None, proxies=None, verify=False,                     debug=0 </msg>
<status status="PASS" starttime="20251023 00:05:43.061" endtime="20251023 00:05:43.062"/>
</kw>
<kw name="Create Dictionary" library="BuiltIn">
<var>${Data}</var>
<arg>username=${Username}</arg>
<arg>password=${Password}</arg>
<doc>Creates and returns a dictionary based on the given ``items``.</doc>
<msg timestamp="20251023 00:05:43.062" level="INFO">${Data} = {'username': 'testlogin003', 'password': '123456'}</msg>
<status status="PASS" starttime="20251023 00:05:43.062" endtime="20251023 00:05:43.062"/>
</kw>
<kw name="POST On Session" library="RequestsLibrary">
<var>${response}</var>
<arg>POST_login</arg>
<arg>${Login_path}</arg>
<arg>data=${Data}</arg>
<doc>Sends a POST request on a previously created HTTP Session.</doc>
<msg timestamp="20251023 00:05:44.203" level="INFO">POST Request : url=https://staging.monomax.me/api/v2/account/login 
 path_url=/api/v2/account/login 
 headers={'User-Agent': 'python-requests/2.32.3', 'Accept-Encoding': 'gzip, deflate', 'Accept': '*/*', 'Connection': 'keep-alive', 'Content-Length': '37', 'Content-Type': 'application/x-www-form-urlencoded'} 
 body=username=testlogin003&amp;password=123456 
 </msg>
<msg timestamp="20251023 00:05:44.203" level="INFO">POST Response : url=https://staging.monomax.me/api/v2/account/login 
 status=200, reason=OK 
 headers={'Content-Type': 'application/json; charset=utf-8', 'Transfer-Encoding': 'chunked', 'Connection': 'keep-alive', 'Date': 'Wed, 22 Oct 2025 17:05:42 GMT', 'Content-Encoding': 'gzip', 'Server': 'CW', 'Set-Cookie': 'HWWAFSESID=ac775732cd3853bb78; path=/, HWWAFSESTIME=1761152742083; path=/', 'Vary': 'Accept-Encoding, Origin, Origin', 'Cache-Control': 'no-cache, private', 'X-Content-Type-Options': 'nosniff', 'X-XSS-Protection': '1; mode=block', 'X-UA-Compatible': 'IE=Edge', 'Content-Security-Policy': "frame-ancestors 'self'", 'X-Frame-Options': 'SAMEORIGIN', 'X-Robots-Tag': 'noindex, nofollow', 'X-Cache': 'Miss from cloudfront', 'Via': '1.1 37534d750ca261691af5473fa9bddd6a.cloudfront.net (CloudFront)', 'X-Amz-Cf-Pop': 'BKK50-P3', 'X-Amz-Cf-Id': '_QWd4C4-sE3uhr5acxKM3-aIyg2d2FrXmuod6LnqhoQhyDvP65ZvLQ==', 'Referrer-Policy': 'strict-origin-when-cross-origin', 'Strict-Transport-Security': 'max-age=31536000'} 
 body={"status":"ok","data":{"access_token":"wLIc7hezQ9kvFyaLX91sPyC3f9kt5SEdWtuuYRsK","refresh_token":"fjR5xD6Pvfa6y6T2SQAU2Kq8dygezTGfejSr3VNz","expires_in":1763744742,"token_type":"Bearer","member_id":14410369}} 
 </msg>
<msg timestamp="20251023 00:05:44.203" level="INFO">${response} = &lt;Response [200]&gt;</msg>
<status status="PASS" starttime="20251023 00:05:43.062" endtime="20251023 00:05:44.203"/>
</kw>
<kw name="Validate Post Login Response" library="Post_Login">
<arg>${response}</arg>
<kw name="Log To Console" library="BuiltIn">
<arg>Post Login Response code: ${response.status_code}</arg>
<doc>Logs the given message to the console.</doc>
<status status="PASS" starttime="20251023 00:05:44.204" endtime="20251023 00:05:44.205"/>
</kw>
<kw name="Should Be Equal As Integers" library="BuiltIn">
<arg>${response.status_code}</arg>
<arg>200</arg>
<doc>Fails if objects are unequal after converting them to integers.</doc>
<msg timestamp="20251023 00:05:44.206" level="INFO">Argument types are:
&lt;class 'int'&gt;
&lt;class 'str'&gt;</msg>
<status status="PASS" starttime="20251023 00:05:44.206" endtime="20251023 00:05:44.207"/>
</kw>
<kw name="Set Variable" library="BuiltIn">
<var>${json_response}</var>
<arg>${response.json()}</arg>
<doc>Returns the given values which can then be assigned to a variables.</doc>
<msg timestamp="20251023 00:05:44.208" level="INFO">${json_response} = {'status': 'ok', 'data': {'access_token': 'wLIc7hezQ9kvFyaLX91sPyC3f9kt5SEdWtuuYRsK', 'refresh_token': 'fjR5xD6Pvfa6y6T2SQAU2Kq8dygezTGfejSr3VNz', 'expires_in': 1763744742, 'token_type': 'Bearer', 'me...</msg>
<status status="PASS" starttime="20251023 00:05:44.207" endtime="20251023 00:05:44.208"/>
</kw>
<kw name="Json Value" library="common">
<var>${status}</var>
<arg>${json_response}</arg>
<arg>$.status</arg>
<kw name="Get Value From Json" library="JSONLibrary">
<var>${value}</var>
<arg>${body}</arg>
<arg>${jsonpath}</arg>
<doc>Get Value From JSON using JSONPath</doc>
<msg timestamp="20251023 00:05:44.227" level="INFO">${value} = ['ok']</msg>
<status status="PASS" starttime="20251023 00:05:44.208" endtime="20251023 00:05:44.227"/>
</kw>
<msg timestamp="20251023 00:05:44.227" level="INFO">${status} = ok</msg>
<status status="PASS" starttime="20251023 00:05:44.208" endtime="20251023 00:05:44.227"/>
</kw>
<kw name="Json Value" library="common">
<var>${access_token}</var>
<arg>${json_response}</arg>
<arg>$.data.access_token</arg>
<kw name="Get Value From Json" library="JSONLibrary">
<var>${value}</var>
<arg>${body}</arg>
<arg>${jsonpath}</arg>
<doc>Get Value From JSON using JSONPath</doc>
<msg timestamp="20251023 00:05:44.237" level="INFO">${value} = ['wLIc7hezQ9kvFyaLX91sPyC3f9kt5SEdWtuuYRsK']</msg>
<status status="PASS" starttime="20251023 00:05:44.228" endtime="20251023 00:05:44.237"/>
</kw>
<msg timestamp="20251023 00:05:44.238" level="INFO">${access_token} = wLIc7hezQ9kvFyaLX91sPyC3f9kt5SEdWtuuYRsK</msg>
<status status="PASS" starttime="20251023 00:05:44.228" endtime="20251023 00:05:44.238"/>
</kw>
<kw name="Json Value" library="common">
<var>${member_id}</var>
<arg>${json_response}</arg>
<arg>$.data.member_id</arg>
<kw name="Get Value From Json" library="JSONLibrary">
<var>${value}</var>
<arg>${body}</arg>
<arg>${jsonpath}</arg>
<doc>Get Value From JSON using JSONPath</doc>
<msg timestamp="20251023 00:05:44.247" level="INFO">${value} = [14410369]</msg>
<status status="PASS" starttime="20251023 00:05:44.238" endtime="20251023 00:05:44.247"/>
</kw>
<msg timestamp="20251023 00:05:44.247" level="INFO">${member_id} = 14410369</msg>
<status status="PASS" starttime="20251023 00:05:44.238" endtime="20251023 00:05:44.247"/>
</kw>
<kw name="Should Be Equal" library="BuiltIn">
<arg>${status}</arg>
<arg>ok</arg>
<doc>Fails if the given objects are unequal.</doc>
<status status="PASS" starttime="20251023 00:05:44.247" endtime="20251023 00:05:44.247"/>
</kw>
<kw name="Should Not Be Empty" library="BuiltIn">
<arg>${access_token}</arg>
<doc>Verifies that the given item is not empty.</doc>
<msg timestamp="20251023 00:05:44.247" level="INFO">Length is 40</msg>
<status status="PASS" starttime="20251023 00:05:44.247" endtime="20251023 00:05:44.248"/>
</kw>
<kw name="Should Be True" library="BuiltIn">
<arg>${member_id} &gt; 0</arg>
<doc>Fails if the given condition is not true.</doc>
<status status="PASS" starttime="20251023 00:05:44.248" endtime="20251023 00:05:44.248"/>
</kw>
<kw name="Log To Console" library="BuiltIn">
<arg>Login Success | member_id=${member_id}</arg>
<doc>Logs the given message to the console.</doc>
<status status="PASS" starttime="20251023 00:05:44.248" endtime="20251023 00:05:44.248"/>
</kw>
<kw name="Log To Console" library="BuiltIn">
<arg>Token=${access_token}</arg>
<doc>Logs the given message to the console.</doc>
<status status="PASS" starttime="20251023 00:05:44.248" endtime="20251023 00:05:44.249"/>
</kw>
<kw name="Set Global Variable" library="BuiltIn">
<arg>${ACCESS_TOKEN}</arg>
<arg>${access_token}</arg>
<doc>Makes a variable available globally in all tests and suites.</doc>
<msg timestamp="20251023 00:05:44.249" level="INFO">${ACCESS_TOKEN} = wLIc7hezQ9kvFyaLX91sPyC3f9kt5SEdWtuuYRsK</msg>
<status status="PASS" starttime="20251023 00:05:44.249" endtime="20251023 00:05:44.249"/>
</kw>
<kw name="Set Global Variable" library="BuiltIn">
<arg>${MEMBER_ID}</arg>
<arg>${member_id}</arg>
<doc>Makes a variable available globally in all tests and suites.</doc>
<msg timestamp="20251023 00:05:44.249" level="INFO">${MEMBER_ID} = 14410369</msg>
<status status="PASS" starttime="20251023 00:05:44.249" endtime="20251023 00:05:44.249"/>
</kw>
<status status="PASS" starttime="20251023 00:05:44.203" endtime="20251023 00:05:44.249"/>
</kw>
<status status="PASS" starttime="20251023 00:05:43.061" endtime="20251023 00:05:44.249"/>
</kw>
<status status="PASS" starttime="20251023 00:05:43.061" endtime="20251023 00:05:44.249"/>
</branch>
<status status="PASS" starttime="20251023 00:05:43.061" endtime="20251023 00:05:44.249"/>
</if>
<status status="PASS" starttime="20251023 00:05:43.060" endtime="20251023 00:05:44.249"/>
</kw>
<suite id="s1-s1" name="Get Home" source="C:\Users\chayanat.p\Downloads\Mono\Monoapi\tests\Get_Home.robot">
<test id="s1-s1-t1" name="Test caseGet Home Page Monomax" line="5">
<kw name="Get Home Page Monomax" library="Get_Home">
<kw name="Create Session" library="RequestsLibrary">
<arg>GET_Home_Page</arg>
<arg>${Base_url}</arg>
<arg>verify=${Verify_flag}</arg>
<arg>disable_warnings=${Warning_flag}</arg>
<doc>Create Session: create a HTTP session to a server</doc>
<msg timestamp="20251023 00:05:44.254" level="INFO">Creating Session using : alias=GET_Home_Page, url=https://staging.monomax.me/api/v2, headers={},                     cookies={}, auth=None, timeout=None, proxies=None, verify=False,                     debug=0 </msg>
<status status="PASS" starttime="20251023 00:05:44.254" endtime="20251023 00:05:44.255"/>
</kw>
<kw name="Authorization Monomax" library="common">
<var>${headers}</var>
<kw name="Create Dictionary" library="BuiltIn">
<var>${headers}</var>
<arg>Authorization=Bearer ${ACCESS_TOKEN}</arg>
<doc>Creates and returns a dictionary based on the given ``items``.</doc>
<msg timestamp="20251023 00:05:44.255" level="INFO">${headers} = {'Authorization': 'Bearer wLIc7hezQ9kvFyaLX91sPyC3f9kt5SEdWtuuYRsK'}</msg>
<status status="PASS" starttime="20251023 00:05:44.255" endtime="20251023 00:05:44.255"/>
</kw>
<return>
<value>${headers}</value>
<status status="PASS" starttime="20251023 00:05:44.255" endtime="20251023 00:05:44.255"/>
</return>
<msg timestamp="20251023 00:05:44.255" level="INFO">${headers} = {'Authorization': 'Bearer wLIc7hezQ9kvFyaLX91sPyC3f9kt5SEdWtuuYRsK'}</msg>
<status status="PASS" starttime="20251023 00:05:44.255" endtime="20251023 00:05:44.255"/>
</kw>
<kw name="GET On Session" library="RequestsLibrary">
<var>${response}</var>
<arg>GET_Home_Page</arg>
<arg>/home</arg>
<arg>headers=${headers}</arg>
<doc>Sends a GET request on a previously created HTTP Session.</doc>
<msg timestamp="20251023 00:05:45.553" level="INFO">GET Request : url=https://staging.monomax.me/api/v2/home 
 path_url=/api/v2/home 
 headers={'User-Agent': 'python-requests/2.32.3', 'Accept-Encoding': 'gzip, deflate', 'Accept': '*/*', 'Connection': 'keep-alive', 'Authorization': 'Bearer wLIc7hezQ9kvFyaLX91sPyC3f9kt5SEdWtuuYRsK'} 
 body=None 
 </msg>
<msg timestamp="20251023 00:05:45.554" level="INFO">GET Response : url=https://staging.monomax.me/api/v2/home 
 status=200, reason=OK 
 headers={'Content-Type': 'application/json; charset=utf-8', 'Transfer-Encoding': 'chunked', 'Connection': 'keep-alive', 'Date': 'Wed, 22 Oct 2025 17:05:43 GMT', 'Content-Encoding': 'gzip', 'Server': 'CW', 'Set-Cookie': 'HWWAFSESID=ac775762cd3853bb78; path=/, HWWAFSESTIME=1761152742083; path=/', 'Cache-Control': 'no-cache, private', 'X-Content-Type-Options': 'nosniff', 'X-XSS-Protection': '1; mode=block', 'X-UA-Compatible': 'IE=Edge', 'Content-Security-Policy': "frame-ancestors 'self'", 'X-Frame-Options': 'SAMEORIGIN', 'X-Robots-Tag': 'noindex, nofollow', 'Vary': 'Accept-Encoding, Origin', 'X-Cache': 'Miss from cloudfront', 'Via': '1.1 cacc7c90af18aaf8799b5c80772a88e6.cloudfront.net (CloudFront)', 'X-Amz-Cf-Pop': 'BKK50-P3', 'X-Amz-Cf-Id': 'FndRWMxMbjfmXjTxwHO-X2_C2aNpV2lZek2A3cJJIZkiicAPPcMqLw==', 'Referrer-Policy': 'strict-origin-when-cross-origin', 'Strict-Transport-Security': 'max-age=31536000'} 
 body={"data":[{"title":"Banner","type":"banner","random_order":null,"slug":"banner","display_hint":"banner","items":[{"id":2153,"title":"\u0e16\u0e2d\u0e14\u0e23\u0e2b\u0e31\u0e2a \u0e06\u0e32\u0e15\u0e01\u0e23\u0e23\u0e21\u0e25\u0e27\u0e07 Crime Puzzle","image_url":"https:\/\/img.monomax.me\/imCuxDjqEZZ-JrR8KTbW1ol875c=\/monomax-obj.obs.ap-southeast-2.myhuaweicloud.com\/assets\/banners\/20250328_gvXY9UCw0M3jc2eF.jpg","image_portrait_url":"https:\/\/img.monomax.me\/fjbSKAODyy7fHH0whs_kfbMHz48=\/960x0\/monomax-obj.obs.ap-southeast-2.myhuaweicloud.com\/assets\/banners\/20250328_9ykCtLKkaeoWLYMW.jpg","image_landscape_url":"https:\/\/img.monomax.me\/4yVEQhNwLWNTzSkxBtvkcNBKyfA=\/1920x0\/monomax-obj.obs.ap-southeast-2.myhuaweicloud.com\/assets\/banners\/20250328_QugPl8IkebzObwmE.jpg","link":"https:\/\/staging.monomax.me\/title\/104615-crime-puzzle.html","content":{"logo_url":null,"logo_text":"\u0e16\u0e2d\u0e14\u0e23\u0e2b\u0e31\u0e2a \u0e06\u0e32\u0e15\u0e01\u0e23\u0e23\u0e21\u0e25\u0e27\u0e07","title":"\u0e16\u0e2d\u0e14\u0e23\u0e2b\u0e31\u0e2a \u0e06\u0e32\u0e15\u0e01\u0e23\u0e23\u0e21\u0e25\u0e27\u0e07","description":"\u201cCrime Puzzle \u0e16\u0e2d\u0e14\u0e23\u0e2b\u0e31\u0e2a \u0e06\u0e32\u0e15\u0e01\u0e23\u0e23\u0e21\u0e25\u0e27\u0e07\u201d \u0e0b\u0e35\u0e23\u0e35\u0e2a\u0e4c\u0e40\u0e01\u0e32\u0e2b\u0e25\u0e35\u0e41\u0e19\u0e27\u0e25\u0e36\u0e01\u0e25\u0e31\u0e1a-\u0e23\u0e30\u0e17\u0e36\u0e01\u0e02\u0e27\u0e31\u0e0d \u0e2a\u0e23\u0e49\u0e32\u0e07\u0e08\u0e32\u0e01\u0e40\u0e27\u0e47\u0e1a\u0e04\u0e2d\u0e21\u0e34\u0e01\u0e43\u0e19\u0e0a\u0e37\u0e48\u0e2d\u0e40\u0e14\u0e35\u0e22\u0e27\u0e01\u0e31\u0e19 \u0e44\u0e14\u0e49 \u2018\u0e04\u0e34\u0e21\u0e0b\u0e31\u0e07\u0e2e\u0e38\u0e19\u2019 (\u0e1c\u0e39\u0e49\u0e01\u0e33\u0e01\u0e31\u0e1a\u0e0b\u0e35\u0e23\u0e35\u0e2a\u0e4c Tell Me What You Saw) \u0e21\u0e32\u0e01\u0e38\u0e21\u0e1a\u0e31\u0e07\u0e40\u0e2b\u0e35\u0e22\u0e19\u0e01\u0e33\u0e01\u0e31\u0e1a\u0e43\u0e19\u0e04\u0e23\u0e31\u0e49\u0e07\u0e19\u0e35\u0e49 \u0e42\u0e14\u0e22\u0e0b\u0e35\u0e23\u0e35\u0e2a\u0e4c\u0e08\u0e30\u0e40\u0e25\u0e48\u0e32\u0e16\u0e36\u0e07\u0e40...","meta":{"keywords":["\u0e25\u0e36\u0e01\u0e25\u0e31\u0e1a \u0e0b\u0e31\u0e1a\u0e0b\u0e49\u0e2d\u0e19 \u0e0b\u0e48\u0e2d\u0e19\u0e40\u0e07\u0e37\u0e48\u0e2d\u0e19","\u0e14\u0e23\u0e32\u0e21\u0e48\u0e32","\u0e2d\u0e32\u0e0a\u0e0d\u0e32\u0e01\u0e23\u0e23\u0e21 \u0e2a\u0e37\u0e1a\u0e2a\u0e27\u0e19"],"title_type":"series","is_top10":true,"rate":"RATE_GENERAL"},"actions":[{"label":"\u0e14\u0e39\u0e40\u0e25\u0e22","icon":"play","link":{"page":"product","params":{"product_id":104615,"slug":"crime-puzzle"}}}],"target_type":"product","kind":"series"},"image_link":{"page":"product","params":{"product_id":104615,"slug":"crime-puzzle"}}}]},{"title":"\u0e1b\u0e23\u0e30\u0e27\u0e31\u0e15\u0e34\u0e01\u0e32\u0e23\u0e23\u0e31\u0e1a\u0e0a\u0e21\u0e02\u0e2d\u0e07 testlogin003","type":"history","random_order":null,"slug":"history","display_hint":"default","more":{"page":"history"},"items":[{"id":246420003,"product":{"id":100854,"title":"\u0e41\u0e2a\u0e1a\u0e0b\u0e48\u0e32\u0e2a\u0e4c \u0e41\u0e1a\u0e1a\u0e27\u0e48\u0e32 \u0e1a\u0e2d\u0e14\u0e35\u0e49\u0e01\u0e32\u0e23\u0e4c\u0e14 2 Hitman's Wife's Bodyguard","description":"\u0e40\u0e21\u0e37\u0e48\u0e2d \u0e44\u0e21\u0e40\u0e04\u0e34\u0e25 \u0e44\u0e1a\u0e23\u0e0b\u0e4c (\u0e44\u0e23\u0e2d\u0e31\u0e19 \u0e40\u0e23\u0e22\u0e4c\u0e42\u0e19\u0e25\u0e14\u0e4c) \u0e2a\u0e38\u0e14\u0e22\u0e2d\u0e14\u0e1a\u0e2d\u0e14\u0e35\u0e49\u0e01\u0e32\u0e23\u0e4c\u0e14\u0e23\u0e30\u0e14\u0e31\u0e1a\u0e1e\u0e23\u0e30\u0e01\u0e32\u0e2c \u0e40\u0e25\u0e37\u0e2d\u0e01\u0e17\u0e35\u0e48\u0e08\u0e30\u0e1e\u0e31\u0e01\u0e07\u0e32\u0e19\u0e15\u0e31\u0e27\u0e40\u0e2d\u0e07\u0e40\u0e1e\u0e37\u0e48\u0e2d\u0e23\u0e31\u0e01\u0e29\u0e32\u0e2a\u0e20\u0e32\u0e1e\u0e08\u0e34\u0e15\u0e43\u0e08 \u0e41\u0e15\u0e48\u0e41\u0e25\u0e49\u0e27\u0e40\u0e02\u0e32\u0e01\u0e25\u0e31\u0e1a\u0e16\u0e39\u0e01 \u0e42\u0e0b\u0e40\u0e19\u0e35\u0e22 \u0e04\u0e34\u0e19\u0e40\u0e04\u0e14 (\u0e0b\u0e31\u0e25\u0e21\u0e32 \u0e2e\u0e32\u0e40\u0e22\u0e47\u0e01) \u0e20\u0e23\u0e23\u0e22\u0e32\u0e02\u0e2d\u0e07\u0e21\u0e37\u0e2d\u0e2a\u0e31\u0e07\u0e2b\u0e32\u0e23\u0e23\u0e38\u0e48\u0e19\u0e43\u0e2b\u0e0d\u0e48\u0e25\u0e32\u0e22\u0e04\u0e23\u0e32\u0e21\u0e41\u0e2b\u0e48\u0e07\u0e27\u0e07\u0e01\u0e32\u0e23\u0e19\u0e31\u0e01\u0e06\u0e48\u0e32\u0e2d\u0e22\u0e48\u0e32\u0e07 \u0e14\u0e32\u0e40\u0e23\u0e35\u0e22\u0e2a \u0e04\u0e34\u0e19\u0e40\u0e04\u0e14 (\u0e41\u0e0b\u0e21\u0e21\u0e27\u0e25 \u0e41\u0e2d\u0e25 \u0e41\u0e08\u0e47\u0e04\u0e2a\u0e31\u0e19) \u0e2b\u0e25\u0e2d\u0e01\u0e43\u0e2b\u0e49\u0e21\u0e32\u0e17\u0e33\u0e20\u0e32\u0e23\u0e01\u0e34\u0e08\u0e0a\u0e48\u0e27\u0e22\u0e15\u0e32\u0e21\u0e2b\u0e32\u0e2a\u0e32\u0e21\u0e35\u0e17\u0e35\u0e48\u0e42\u0e14\u0e19\u0e25\u0e31\u0e01\u0e1e\u0e32\u0e15\u0e31\u0e27 \u0e01\u0e48\u0e2d\u0e19\u0e17\u0e35\u0e48\u0e17\u0e31\u0e49\u0e07\u0e2a\u0e32\u0e21\u0e04\u0e19\u0e08\u0e30\u0e15\u0e49\u0e2d\u0e07\u0e23\u0e48\u0e27\u0e21\u0e21\u0e37\u0e2d\u0e01\u0e31\u0e19\u0e2b\u0e22\u0e38\u0e14\u0e22\u0e31\u0e49\u0e07\u0e27\u0e32\u0e22\u0e23\u0e49\u0e32\u0e22\u0e2a\u0e38\u0e14\u0e40\u0e2b\u0e35\u0e49\u0e22\u0e21 \u0e2d\u0e23\u0e34\u0e2a\u0e42\u0e15\u0e40\u0e15\u0e34\u0e25 (\u0e41\u0e2d\u0e19\u0e42\u0e15\u0e19\u0e34\u0e42\u0e2d \u0e41\u0e1a\u0e19\u0e40\u0e14\u0e2d\u0e23\u0e31\u0e2a) \u0e17\u0e35\u0e48\u0e2b\u0e21\u0e32\u0e22\u0e08\u0e30\u0e01\u0e48\u0e2d\u0e27\u0e34\u0e19\u0e32\u0e28\u0e01\u0e23\u0e23\u0e21\u0e17\u0e31\u0e48\u0e27\u0e22\u0e38\u0e42\u0e23\u0e1b","kind":"movie","year":2021,"rate":"RATE_GENERAL","updated":"2023-09-06T09:58:00+07:00","poster":"https:\/\/img.monomax.me\/sHosawa82g5RErM4Mjx5XFGgLcA=\/400x600\/filters:watermark(staging.monomax.me\/assets\/monomax\/images\/top10_badge.png,-0,0,0,16,30)\/monomax-obj.obs.ap-southeast-2.myhuaweicloud.com\/assets\/products\/100854_uUiRWpd43BpuWXU1XcpF.jpg","banner":"https:\/\/img.monomax.me\/-SOPpNj3JYEOH6qq3TQxe1Tjei4=\/2048x1152\/monomax-obj.obs.ap-southeast-2.myhuaweicloud.com\/assets\/products\/100854_4jTUlV5LiDEaUSBou870.jpg","logo":null,"promo":"https:\/\/img.monomax.me\/LEY6V6kYBzfhG7ZJGj3-RuIx4oA=\/1080x608\/monomax-obj.obs.ap-southeast-2.myhuaweicloud.com\/assets\/products\/100854_47w8xo3lu9Z0Z8w9KhuI.jpg","url":"https:\/\/staging.monomax.me\/title\/100854-hitmans-wifes-bodyguard.html","duration":100,"is_mono_original":false,"progress":{"second":17,"duration":6000,"updated_at":"2025-09-30T13:47:39+07:00"}},"second":17,"duration":5973,"updated_at":"2025-09-30T13:47:39+07:00"},{"id":246419949,"product":{"id":104746,"title":"\u0e1e\u0e23\u0e30\u0e0a\u0e32\u0e22\u0e32\u0e25\u0e2d\u0e22\u0e19\u0e27\u0e25 \u0e1b\u0e35 2 Princess at Large Season 2","description":"\u0e01\u0e25\u0e31\u0e1a\u0e21\u0e32\u0e2a\u0e32\u0e19\u0e15\u0e48\u0e2d\u0e04\u0e27\u0e32\u0e21\u0e2a\u0e19\u0e38\u0e01\u0e2d\u0e35\u0e01\u0e04\u0e23\u0e31\u0e49\u0e07\u0e01\u0e31\u0e1a\u0e0b\u0e35\u0e23\u0e35\u0e2a\u0e4c\u0e08\u0e35\u0e19\u0e22\u0e49\u0e2d\u0e19\u0e22\u0e38\u0e04\u0e42\u0e23\u0e41\u0e21\u0e19\u0e15\u0e34\u0e01 \u0e41\u0e1f\u0e19\u0e15\u0e32\u0e0b\u0e35 'Princess at Large Season 2 \u0e1e\u0e23\u0e30\u0e0a\u0e32\u0e22\u0e32\u0e25\u0e2d\u0e22\u0e19\u0e27\u0e25 \u0e1b\u0e35 2' \u0e2b\u0e25\u0e31\u0e07\u0e08\u0e32\u0e01\u0e17\u0e35\u0e48\u0e1e\u0e23\u0e30\u0e0a\u0e32\u0e22\u0e32 '\u0e08\u0e35\u0e49\u0e40\u0e0b\u0e35\u0e22\u0e19\u0e2b\u0e22\u0e38\u0e19' \u0e44\u0e14\u0e49\u0e40\u0e2a\u0e35\u0e22\u0e0a\u0e35\u0e27\u0e34\u0e15\u0e43\u0e19\u0e20\u0e32\u0e04\u0e17\u0e35\u0e48\u0e41\u0e25\u0e49\u0e27\u0e43\u0e19\u0e04\u0e23\u0e31\u0e49\u0e07\u0e19\u0e35\u0e49\u0e40\u0e18\u0e2d\u0e44\u0e14\u0e49\u0e1f\u0e37\u0e49\u0e19\u0e04\u0e37\u0e19\u0e08\u0e32\u0e01\u0e04\u0e27\u0e32\u0e21\u0e15\u0e32\u0e22 \u0e41\u0e25\u0e30\u0e21\u0e32\u0e2d\u0e22\u0e39\u0e48\u0e43\u0e19\u0e23\u0e48\u0e32\u0e07\u0e02\u0e2d\u0e07 \u0e2b\u0e25\u0e31\u0e19\u0e23\u0e31\u0e48\u0e27\u0e0b\u0e35 (\u0e23\u0e31\u0e1a\u0e1a\u0e17\u0e42\u0e14\u0e22 \u0e25\u0e39\u0e48\u0e2d\u0e35\u0e4b\u0e40\u0e2a\u0e27\u0e35\u0e22\u0e19 ) \u0e2b\u0e21\u0e2d\u0e40\u0e17\u0e27\u0e14\u0e32\u0e17\u0e35\u0e48\u0e21\u0e32\u0e08\u0e32\u0e01\u0e41\u0e04\u0e27\u0e49\u0e19\u0e2d\u0e37\u0e48\u0e19 \u0e41\u0e21\u0e49\u0e27\u0e48\u0e32\u0e40\u0e18\u0e2d\u0e08\u0e30\u0e08\u0e33\u0e40\u0e23\u0e37\u0e48\u0e2d\u0e07\u0e23\u0e32\u0e27\u0e43\u0e19\u0e2d\u0e14\u0e35\u0e15\u0e44\u0e14\u0e49\u0e17\u0e38\u0e01\u0e2d\u0e22\u0e48\u0e32\u0e07\u0e41\u0e15\u0e48\u0e40\u0e1e\u0e23\u0e32\u0e30\u0e2b\u0e19\u0e49\u0e32\u0e15\u0e32\u0e44\u0e14\u0e49\u0e40\u0e1b\u0e25\u0e35\u0e48\u0e22\u0e19\u0e44\u0e1b\u0e08\u0e36\u0e07\u0e44\u0e21\u0e48\u0e21\u0e35\u0e43\u0e04\u0e23\u0e08\u0e33\u0e44\u0e14\u0e49 \u0e23\u0e27\u0e21\u0e44\u0e1b\u0e16\u0e36\u0e07\u0e2b\u0e21\u0e34\u0e07\u0e2d\u0e4b\u0e2d\u0e07 \u0e09\u0e35\u0e2b\u0e25\u0e34\u0e07\u0e40\u0e0b\u0e35\u0e22\u0e27 (\u0e23\u0e31\u0e1a\u0e1a\u0e17\u0e42\u0e14\u0e22 \u0e40\u0e0b\u0e34\u0e48\u0e07\u0e2d\u0e34\u0e07\u0e2b\u0e32\u0e27) \u0e17\u0e35\u0e48\u0e44\u0e21\u0e48\u0e0a\u0e2d\u0e1a\u0e2b\u0e19\u0e49\u0e32\u0e40\u0e18\u0e2d\u0e15\u0e31\u0e49\u0e07\u0e41\u0e15\u0e48\u0e41\u0e23\u0e01\u0e1e\u0e1a \u0e41\u0e16\u0e21\u0e22\u0e31\u0e07\u0e04\u0e34\u0e14\u0e27\u0e48\u0e32\u0e2b\u0e25\u0e31\u0e19\u0e23\u0e31\u0e48\u0e27\u0e0b\u0e35\u0e2d\u0e22\u0e32\u0e01\u0e41\u0e17\u0e19\u0e17\u0e35\u0e48\u0e1e\u0e23\u0e30\u0e0a\u0e32\u0e22\u0e32\u0e02\u0e2d\u0e07\u0e40\u0e02\u0e32\u0e0b\u0e30\u0e40\u0e2d\u0e07 \u0e40\u0e1e\u0e37\u0e48\u0e2d\u0e43\u0e2b\u0e49\u0e40\u0e02\u0e32\u0e08\u0e33\u0e44\u0e14\u0e49\u0e27\u0e48\u0e32\u0e40\u0e18\u0e2d\u0e04\u0e37\u0e2d\u0e43\u0e04\u0e23 \u0e2b\u0e25\u0e31\u0e19\u0e23\u0e31\u0e48\u0e27\u0e0b\u0e35\u0e08\u0e36\u0e07\u0e1e\u0e22\u0e32\u0e22\u0e32\u0e21\u0e43\u0e2b\u0e49\u0e15\u0e19\u0e40\u0e2d\u0e07\u0e44\u0e14\u0e49\u0e40\u0e02\u0e49\u0e32\u0e44\u0e1b\u0e2d\u0e22\u0e39\u0e48\u0e43\u0e19\u0e42\u0e23\u0e07\u0e2b\u0e21\u0e2d\u0e40\u0e1e\u0e37\u0e48\u0e2d\u0e0a\u0e48\u0e27\u0e22\u0e23\u0e31\u0e01\u0e29\u0e32\u0e2d\u0e32\u0e01\u0e32\u0e23\u0e1b\u0e48\u0e27... (set the log level to DEBUG or TRACE to see the full content) 
 </msg>
<msg timestamp="20251023 00:05:45.554" level="INFO">${response} = &lt;Response [200]&gt;</msg>
<status status="PASS" starttime="20251023 00:05:44.255" endtime="20251023 00:05:45.554"/>
</kw>
<kw name="Validate Home Page Response Sport Content" library="Get_Home">
<arg>${response}</arg>
<kw name="Log To Console" library="BuiltIn">
<arg>Get Profile Response code: ${response.status_code}</arg>
<doc>Logs the given message to the console.</doc>
<status status="PASS" starttime="20251023 00:05:45.555" endtime="20251023 00:05:45.556"/>
</kw>
<kw name="Should Be Equal As Integers" library="BuiltIn">
<arg>${response.status_code}</arg>
<arg>200</arg>
<doc>Fails if objects are unequal after converting them to integers.</doc>
<msg timestamp="20251023 00:05:45.556" level="INFO">Argument types are:
&lt;class 'int'&gt;
&lt;class 'str'&gt;</msg>
<status status="PASS" starttime="20251023 00:05:45.556" endtime="20251023 00:05:45.557"/>
</kw>
<kw name="Set Variable" library="BuiltIn">
<var>${json_response}</var>
<arg>${response.json()}</arg>
<doc>Returns the given values which can then be assigned to a variables.</doc>
<msg timestamp="20251023 00:05:45.568" level="INFO">${json_response} = {'data': [{'title': 'Banner', 'type': 'banner', 'random_order': None, 'slug': 'banner', 'display_hint': 'banner', 'items': [{'id': 2153, 'title': 'ถอดรหัส ฆาตกรรมลวง Crime Puzzle', 'image_url': 'https...</msg>
<status status="PASS" starttime="20251023 00:05:45.557" endtime="20251023 00:05:45.568"/>
</kw>
<kw name="Json Value" library="common">
<var>${data}</var>
<arg>${json_response}</arg>
<arg>$.data</arg>
<kw name="Get Value From Json" library="JSONLibrary">
<var>${value}</var>
<arg>${body}</arg>
<arg>${jsonpath}</arg>
<doc>Get Value From JSON using JSONPath</doc>
<msg timestamp="20251023 00:05:45.583" level="INFO">${value} = [[{'title': 'Banner', 'type': 'banner', 'random_order': None, 'slug': 'banner', 'display_hint': 'banner', 'items': [{'id': 2153, 'title': 'ถอดรหัส ฆาตกรรมลวง Crime Puzzle', 'image_url': 'https://img.m...</msg>
<status status="PASS" starttime="20251023 00:05:45.568" endtime="20251023 00:05:45.583"/>
</kw>
<msg timestamp="20251023 00:05:45.587" level="INFO">${data} = [{'title': 'Banner', 'type': 'banner', 'random_order': None, 'slug': 'banner', 'display_hint': 'banner', 'items': [{'id': 2153, 'title': 'ถอดรหัส ฆาตกรรมลวง Crime Puzzle', 'image_url': 'https://img.mo...</msg>
<status status="PASS" starttime="20251023 00:05:45.568" endtime="20251023 00:05:45.587"/>
</kw>
<kw name="Evaluate" library="BuiltIn">
<var>${sports}</var>
<arg>[x for x in ${data} if "sport" in str(x.get("type","")).lower()]</arg>
<doc>Evaluates the given expression in Python and returns the result.</doc>
<msg timestamp="20251023 00:05:45.618" level="INFO">${sports} = [{'title': 'กำลังแข่งขัน', 'type': 'sport-matches', 'random_order': False, 'slug': 'sport-match-live', 'display_hint': 'sport-match', 'items': [{'id': 6, 'title': 'แมนเชสเตอร์ซิตี v เลสเตอร์ ซิตี้', '...</msg>
<status status="PASS" starttime="20251023 00:05:45.587" endtime="20251023 00:05:45.618"/>
</kw>
<if>
<branch type="IF" condition="${sports}">
<kw name="Evaluate" library="BuiltIn">
<var>${pairs}</var>
<arg>[(i.get("title"), i.get("watch_tier_allowed")) for x in ${sports} for i in x.get("items", []) if "watch_tier_allowed" in i]</arg>
<doc>Evaluates the given expression in Python and returns the result.</doc>
<msg timestamp="20251023 00:05:45.619" level="INFO">${pairs} = [('แมนเชสเตอร์ซิตี v เลสเตอร์ ซิตี้', True), ('ลิเวอร์พูล v อาร์เซนอล', True), ('เชลซี v ลิเวอร์พูล', True), ('ทอตนัมฮอตสเปอร์ v เชลซี', True)]</msg>
<status status="PASS" starttime="20251023 00:05:45.618" endtime="20251023 00:05:45.619"/>
</kw>
<for flavor="IN">
<var>${pair}</var>
<value>@{pairs}</value>
<iter>
<var name="${pair}">('แมนเชสเตอร์ซิตี v เลสเตอร์ ซิตี้', True)</var>
<kw name="Set Variable" library="BuiltIn">
<var>${title}</var>
<arg>${pair}[0]</arg>
<doc>Returns the given values which can then be assigned to a variables.</doc>
<msg timestamp="20251023 00:05:45.619" level="INFO">${title} = แมนเชสเตอร์ซิตี v เลสเตอร์ ซิตี้</msg>
<status status="PASS" starttime="20251023 00:05:45.619" endtime="20251023 00:05:45.619"/>
</kw>
<kw name="Set Variable" library="BuiltIn">
<var>${tier}</var>
<arg>${pair}[1]</arg>
<doc>Returns the given values which can then be assigned to a variables.</doc>
<msg timestamp="20251023 00:05:45.620" level="INFO">${tier} = True</msg>
<status status="PASS" starttime="20251023 00:05:45.619" endtime="20251023 00:05:45.620"/>
</kw>
<kw name="Log To Console" library="BuiltIn">
<arg>${title} | watch_tier_allowed = ${tier}</arg>
<doc>Logs the given message to the console.</doc>
<status status="PASS" starttime="20251023 00:05:45.620" endtime="20251023 00:05:45.620"/>
</kw>
<status status="PASS" starttime="20251023 00:05:45.619" endtime="20251023 00:05:45.620"/>
</iter>
<iter>
<var name="${pair}">('ลิเวอร์พูล v อาร์เซนอล', True)</var>
<kw name="Set Variable" library="BuiltIn">
<var>${title}</var>
<arg>${pair}[0]</arg>
<doc>Returns the given values which can then be assigned to a variables.</doc>
<msg timestamp="20251023 00:05:45.620" level="INFO">${title} = ลิเวอร์พูล v อาร์เซนอล</msg>
<status status="PASS" starttime="20251023 00:05:45.620" endtime="20251023 00:05:45.621"/>
</kw>
<kw name="Set Variable" library="BuiltIn">
<var>${tier}</var>
<arg>${pair}[1]</arg>
<doc>Returns the given values which can then be assigned to a variables.</doc>
<msg timestamp="20251023 00:05:45.621" level="INFO">${tier} = True</msg>
<status status="PASS" starttime="20251023 00:05:45.621" endtime="20251023 00:05:45.621"/>
</kw>
<kw name="Log To Console" library="BuiltIn">
<arg>${title} | watch_tier_allowed = ${tier}</arg>
<doc>Logs the given message to the console.</doc>
<status status="PASS" starttime="20251023 00:05:45.621" endtime="20251023 00:05:45.621"/>
</kw>
<status status="PASS" starttime="20251023 00:05:45.620" endtime="20251023 00:05:45.621"/>
</iter>
<iter>
<var name="${pair}">('เชลซี v ลิเวอร์พูล', True)</var>
<kw name="Set Variable" library="BuiltIn">
<var>${title}</var>
<arg>${pair}[0]</arg>
<doc>Returns the given values which can then be assigned to a variables.</doc>
<msg timestamp="20251023 00:05:45.621" level="INFO">${title} = เชลซี v ลิเวอร์พูล</msg>
<status status="PASS" starttime="20251023 00:05:45.621" endtime="20251023 00:05:45.621"/>
</kw>
<kw name="Set Variable" library="BuiltIn">
<var>${tier}</var>
<arg>${pair}[1]</arg>
<doc>Returns the given values which can then be assigned to a variables.</doc>
<msg timestamp="20251023 00:05:45.621" level="INFO">${tier} = True</msg>
<status status="PASS" starttime="20251023 00:05:45.621" endtime="20251023 00:05:45.621"/>
</kw>
<kw name="Log To Console" library="BuiltIn">
<arg>${title} | watch_tier_allowed = ${tier}</arg>
<doc>Logs the given message to the console.</doc>
<status status="PASS" starttime="20251023 00:05:45.622" endtime="20251023 00:05:45.622"/>
</kw>
<status status="PASS" starttime="20251023 00:05:45.621" endtime="20251023 00:05:45.622"/>
</iter>
<iter>
<var name="${pair}">('ทอตนัมฮอตสเปอร์ v เชลซี', True)</var>
<kw name="Set Variable" library="BuiltIn">
<var>${title}</var>
<arg>${pair}[0]</arg>
<doc>Returns the given values which can then be assigned to a variables.</doc>
<msg timestamp="20251023 00:05:45.622" level="INFO">${title} = ทอตนัมฮอตสเปอร์ v เชลซี</msg>
<status status="PASS" starttime="20251023 00:05:45.622" endtime="20251023 00:05:45.622"/>
</kw>
<kw name="Set Variable" library="BuiltIn">
<var>${tier}</var>
<arg>${pair}[1]</arg>
<doc>Returns the given values which can then be assigned to a variables.</doc>
<msg timestamp="20251023 00:05:45.622" level="INFO">${tier} = True</msg>
<status status="PASS" starttime="20251023 00:05:45.622" endtime="20251023 00:05:45.622"/>
</kw>
<kw name="Log To Console" library="BuiltIn">
<arg>${title} | watch_tier_allowed = ${tier}</arg>
<doc>Logs the given message to the console.</doc>
<status status="PASS" starttime="20251023 00:05:45.622" endtime="20251023 00:05:45.623"/>
</kw>
<status status="PASS" starttime="20251023 00:05:45.622" endtime="20251023 00:05:45.623"/>
</iter>
<status status="PASS" starttime="20251023 00:05:45.619" endtime="20251023 00:05:45.623"/>
</for>
<status status="PASS" starttime="20251023 00:05:45.618" endtime="20251023 00:05:45.623"/>
</branch>
<branch type="ELSE">
<kw name="Log To Console" library="BuiltIn">
<arg>ไม่มี content sport</arg>
<doc>Logs the given message to the console.</doc>
<status status="NOT RUN" starttime="20251023 00:05:45.623" endtime="20251023 00:05:45.623"/>
</kw>
<status status="NOT RUN" starttime="20251023 00:05:45.623" endtime="20251023 00:05:45.623"/>
</branch>
<status status="PASS" starttime="20251023 00:05:45.618" endtime="20251023 00:05:45.623"/>
</if>
<status status="PASS" starttime="20251023 00:05:45.555" endtime="20251023 00:05:45.623"/>
</kw>
<kw name="Validate Home Page Response Action button" library="Get_Home">
<arg>${response}</arg>
<kw name="Set Variable" library="BuiltIn">
<var>${json_response}</var>
<arg>${response.json()}</arg>
<doc>Returns the given values which can then be assigned to a variables.</doc>
<msg timestamp="20251023 00:05:45.633" level="INFO">${json_response} = {'data': [{'title': 'Banner', 'type': 'banner', 'random_order': None, 'slug': 'banner', 'display_hint': 'banner', 'items': [{'id': 2153, 'title': 'ถอดรหัส ฆาตกรรมลวง Crime Puzzle', 'image_url': 'https...</msg>
<status status="PASS" starttime="20251023 00:05:45.623" endtime="20251023 00:05:45.633"/>
</kw>
<kw name="Json Value" library="common">
<var>${action_button}</var>
<arg>${json_response}</arg>
<arg>$.data[0].items[0].content.actions[0].label</arg>
<kw name="Get Value From Json" library="JSONLibrary">
<var>${value}</var>
<arg>${body}</arg>
<arg>${jsonpath}</arg>
<doc>Get Value From JSON using JSONPath</doc>
<msg timestamp="20251023 00:05:45.643" level="INFO">${value} = ['ดูเลย']</msg>
<status status="PASS" starttime="20251023 00:05:45.633" endtime="20251023 00:05:45.643"/>
</kw>
<msg timestamp="20251023 00:05:45.644" level="INFO">${action_button} = ดูเลย</msg>
<status status="PASS" starttime="20251023 00:05:45.633" endtime="20251023 00:05:45.644"/>
</kw>
<kw name="Log To Console" library="BuiltIn">
<arg>\nAction button | ${action_button}</arg>
<doc>Logs the given message to the console.</doc>
<status status="PASS" starttime="20251023 00:05:45.644" endtime="20251023 00:05:45.644"/>
</kw>
<status status="PASS" starttime="20251023 00:05:45.623" endtime="20251023 00:05:45.644"/>
</kw>
<status status="PASS" starttime="20251023 00:05:44.254" endtime="20251023 00:05:45.644"/>
</kw>
<status status="PASS" starttime="20251023 00:05:44.254" endtime="20251023 00:05:45.645"/>
</test>
<status status="PASS" starttime="20251023 00:05:44.249" endtime="20251023 00:05:45.645"/>
</suite>
<suite id="s1-s2" name="Get Package" source="C:\Users\chayanat.p\Downloads\Mono\Monoapi\tests\Get_Package.robot">
<test id="s1-s2-t1" name="Test case Get Package Category Monomax" line="5">
<kw name="Get Package Category Monomax" library="Get_Package">
<for flavor="IN">
<var>${platform}</var>
<value>@{Platform}</value>
<iter>
<var name="${platform}">ios</var>
<kw name="Catenate" library="BuiltIn">
<var>${Package_category_path}</var>
<arg>SEPARATOR=</arg>
<arg>${PACKAGES_PATH_PREFIX}</arg>
<arg>${platform}</arg>
<doc>Catenates the given items together and returns the resulted string.</doc>
<msg timestamp="20251023 00:05:45.652" level="INFO">${Package_category_path} = /packages/ios</msg>
<status status="PASS" starttime="20251023 00:05:45.652" endtime="20251023 00:05:45.652"/>
</kw>
<for flavor="IN">
<var>${category_id}</var>
<value>@{CATEGORY_IDS}</value>
<iter>
<var name="${category_id}">1</var>
<kw name="Create Session" library="RequestsLibrary">
<arg>GET_Package_Category</arg>
<arg>${Base_url}</arg>
<arg>verify=${Verify_flag}</arg>
<arg>disable_warnings=${Warning_flag}</arg>
<doc>Create Session: create a HTTP session to a server</doc>
<msg timestamp="20251023 00:05:45.652" level="INFO">Creating Session using : alias=GET_Package_Category, url=https://staging.monomax.me/api/v2, headers={},                     cookies={}, auth=None, timeout=None, proxies=None, verify=False,                     debug=0 </msg>
<status status="PASS" starttime="20251023 00:05:45.652" endtime="20251023 00:05:45.653"/>
</kw>
<kw name="Create Dictionary" library="BuiltIn">
<var>${params}</var>
<arg>category_id=${category_id}</arg>
<doc>Creates and returns a dictionary based on the given ``items``.</doc>
<msg timestamp="20251023 00:05:45.653" level="INFO">${params} = {'category_id': 1}</msg>
<status status="PASS" starttime="20251023 00:05:45.653" endtime="20251023 00:05:45.653"/>
</kw>
<kw name="GET On Session" library="RequestsLibrary">
<var>${response}</var>
<arg>GET_Package_Category</arg>
<arg>${Package_category_path}</arg>
<arg>params=${params}</arg>
<doc>Sends a GET request on a previously created HTTP Session.</doc>
<msg timestamp="20251023 00:05:46.306" level="INFO">GET Request : url=https://staging.monomax.me/api/v2/packages/ios?category_id=1 
 path_url=/api/v2/packages/ios?category_id=1 
 headers={'User-Agent': 'python-requests/2.32.3', 'Accept-Encoding': 'gzip, deflate', 'Accept': '*/*', 'Connection': 'keep-alive'} 
 body=None 
 </msg>
<msg timestamp="20251023 00:05:46.306" level="INFO">GET Response : url=https://staging.monomax.me/api/v2/packages/ios?category_id=1 
 status=200, reason=OK 
 headers={'Content-Type': 'application/json; charset=utf-8', 'Transfer-Encoding': 'chunked', 'Connection': 'keep-alive', 'Date': 'Wed, 22 Oct 2025 17:05:44 GMT', 'Content-Encoding': 'gzip', 'Server': 'CW', 'Set-Cookie': 'HWWAFSESID=ac775792cd3853bb78; path=/, HWWAFSESTIME=1761152742083; path=/', 'Cache-Control': 'no-cache, private', 'X-Content-Type-Options': 'nosniff', 'X-XSS-Protection': '1; mode=block', 'X-UA-Compatible': 'IE=Edge', 'Content-Security-Policy': "frame-ancestors 'self'", 'X-Frame-Options': 'SAMEORIGIN', 'X-Robots-Tag': 'noindex, nofollow', 'Vary': 'Accept-Encoding, Origin', 'X-Cache': 'Miss from cloudfront', 'Via': '1.1 3a445d6c65044824747429827e2a8856.cloudfront.net (CloudFront)', 'X-Amz-Cf-Pop': 'BKK50-P3', 'X-Amz-Cf-Id': 'ffWREz0XI1dc7m6i7e4rsDWc41f4tG8v-3Tl5EH4cOJPkCV223d-ow==', 'Referrer-Policy': 'strict-origin-when-cross-origin', 'Strict-Transport-Security': 'max-age=31536000'} 
 body={"data":[{"id":209,"package_type":"monthly","name":"\u0e41\u0e1e\u0e47\u0e01\u0e40\u0e01\u0e08 1 \u0e40\u0e14\u0e37\u0e2d\u0e19 \u0e14\u0e39\u0e44\u0e14\u0e49 1 \u0e2d\u0e38\u0e1b\u0e01\u0e23\u0e13\u0e4c \u0e0b\u0e37\u0e49\u0e2d\u0e1c\u0e48\u0e32\u0e19\u0e2a\u0e42\u0e15\u0e23\u0e4c","title":"\u0e41\u0e1e\u0e47\u0e01\u0e40\u0e01\u0e08\u0e23\u0e32\u0e22\u0e40\u0e14\u0e37\u0e2d\u0e19","info":["99 \u0e1a\u0e32\u0e17\/\u0e40\u0e14\u0e37\u0e2d\u0e19","\u0e23\u0e32\u0e04\u0e32\u0e1b\u0e01\u0e15\u0e34","\u0e44\u0e21\u0e48\u0e21\u0e35\u0e2a\u0e31\u0e0d\u0e0d\u0e32\u0e2b\u0e23\u0e37\u0e2d\u0e02\u0e49\u0e2d\u0e1c\u0e39\u0e01\u0e21\u0e31\u0e14\u0e43\u0e14\u0e46 \u0e22\u0e01\u0e40\u0e25\u0e34\u0e01\u0e44\u0e14\u0e49\u0e15\u0e25\u0e2d\u0e14\u0e40\u0e27\u0e25\u0e32"],"devices":1,"price":99,"fullprice":99,"percent_discount":0,"expire_days":30,"free_trial_days":0,"intro_price":0,"intro_period":0,"intro_period_days":0,"is_recurring":true,"android_sku":"recurring_1d_1m99","androidtv_sku":"recurring_1d_1m99","ios_sku":"staging_recurring_1d_1m99","hms_sku":"recurring_1d_1m99","display_title":"\u0e40\u0e1a\u0e2a\u0e34\u0e01","display_subtitle":"\u0e14\u0e39\u0e1e\u0e23\u0e49\u0e2d\u0e21\u0e01\u0e31\u0e19 1 \u0e08\u0e2d","price_text":"99 \u0e1a\u0e32\u0e17\/\u0e40\u0e14\u0e37\u0e2d\u0e19","highlight_text":null,"is_vat_include":true,"benefits":null,"vat_text":"\u0e23\u0e27\u0e21\u0e20\u0e32\u0e29\u0e35\u0e21\u0e39\u0e25\u0e04\u0e48\u0e32\u0e40\u0e1e\u0e34\u0e48\u0e21\u0e41\u0e25\u0e49\u0e27","discount":null,"package_category":{"id":1,"title":"\u0e40\u0e1a\u0e2a\u0e34\u0e01","sub_title":"\u0e14\u0e39\u0e2b\u0e19\u0e31\u0e07 \u0e41\u0e25\u0e30\u0e0b\u0e35\u0e23\u0e35\u0e2a\u0e4c","description":"\u0e23\u0e31\u0e1a\u0e0a\u0e21\u0e01\u0e35\u0e2c\u0e32\u0e2b\u0e19\u0e31\u0e07\u0e0b\u0e35\u0e23\u0e35\u0e2a\u0e4c\u0e44\u0e21\u0e48\u0e08\u0e33\u0e01\u0e31\u0e14 \u0e41\u0e1a\u0e1a\u0e44\u0e21\u0e48\u0e21\u0e35\u0e42\u0e06\u0e29\u0e13\u0e32\u0e04\u0e31\u0e48\u0e19 \u0e1e\u0e32\u0e01\u0e22\u0e4c\u0e44\u0e17\u0e22\u0e04\u0e23\u0e1a\u0e17\u0e38\u0e01\u0e40\u0e23\u0e37\u0e48\u0e2d\u0e07","short_benefits":"\u0e23\u0e31\u0e1a\u0e0a\u0e21\u0e20\u0e32\u0e1e\u0e22\u0e19\u0e15\u0e23\u0e4c \u0e0b\u0e35\u0e23\u0e35\u0e2a\u0e4c\u0e0a\u0e31\u0e49\u0e19\u0e19\u0e33\u0e08\u0e32\u0e01\u0e17\u0e31\u0e48\u0e27\u0e42\u0e25\u0e01\u0e41\u0e25\u0e30\u0e0b\u0e35\u0e23\u0e35\u0e2a\u0e4c\u0e2a\u0e38\u0e14 Exclusive \u0e40\u0e09\u0e1e\u0e32\u0e30\u0e17\u0e35\u0e48 Monomax \u0e40\u0e17\u0e48\u0e32\u0e19\u0e31\u0e49\u0e19","add_on_title":null,"slug":"entertain","logo":["https:\/\/img.monomax.me\/PayMZ4oB5JRk_UgM6GWp0GDLww4=\/staging.monomax.me\/assets\/monomax\/images\/payments\/ic_new_monomax.png"],"benefits":["\u0e2b\u0e19\u0e31\u0e07 \u0e0b\u0e35\u0e23\u0e35\u0e2a\u0e4c \u0e27\u0e32\u0e44\u0e23\u0e15\u0e35\u0e49\u0e44\u0e21\u0e48\u0e08\u0e33\u0e01\u0e31\u0e14","\u0e40\u0e02\u0e49\u0e32\u0e0a\u0e21\u0e2b\u0e19\u0e31\u0e07 \u0e0b\u0e35\u0e23\u0e35\u0e2a\u0e4c\u0e44\u0e14\u0e49\u0e17\u0e38\u0e01\u0e2d\u0e38\u0e1b\u0e01\u0e23\u0e13\u0e4c","\u0e04\u0e27\u0e32\u0e21\u0e04\u0e21\u0e0a\u0e31\u0e14\u0e2a\u0e39\u0e07\u0e2a\u0e38\u0e14 HD"],"devices":"1","max_res":"HD","see_more_competitions":false,"starting_price":null,"is_recommend":false,"promote_competition_image":null}},{"id":242,"package_type":"yearly","name":"\u0e15\u0e48\u0e2d\u0e2d\u0e32\u0e22\u0e38\u0e23\u0e32\u0e22\u0e1b\u0e35 699 \u0e1a\u0e32\u0e17 (1 \u0e2d\u0e38\u0e1b\u0e01\u0e23\u0e13\u0e4c)","title":"\u0e41\u0e1e\u0e47\u0e01\u0e40\u0e01\u0e08\u0e23\u0e32\u0e22\u0e1b\u0e35","info":["699 \u0e1a\u0e32\u0e17\/\u0e1b\u0e35","\u0e1b\u0e23\u0e30\u0e2b\u0e22\u0e31\u0e14 76%","\u0e40\u0e14\u0e37\u0e2d\u0e19\u0e25\u0e30 58.25 \u0e1a\u0e32\u0e17","\u0e44\u0e21\u0e48\u0e21\u0e35\u0e2a\u0e31\u0e0d\u0e0d\u0e32\u0e2b\u0e23\u0e37\u0e2d\u0e02\u0e49\u0e2d\u0e1c\u0e39\u0e01\u0e21\u0e31\u0e14\u0e43\u0e14\u0e46 \u0e22\u0e01\u0e40\u0e25\u0e34\u0e01\u0e44\u0e14\u0e49\u0e15\u0e25\u0e2d\u0e14\u0e40\u0e27\u0e25\u0e32"],"devices":1,"price":699,"fullprice":1188,"percent_discount":41,"expire_days":365,"free_trial_days":0,"intro_price":0,"intro_period":0,"intro_period_days":0,"is_recurring":true,"android_sku":"recurring_1d_1y699","androidtv_sku":"recurring_1d_1y699","ios_sku":"staging_recurring_1d_1y699","hms_sku":"","display_title":"\u0e40\u0e1a\u0e2a\u0e34\u0e01","display_subtitle":"\u0e14\u0e39\u0e1e\u0e23\u0e49\u0e2d\u0e21\u0e01\u0e31\u0e19 1 \u0e08\u0e2d","price_text":"699 \u0e1a\u0e32\u0e17\/\u0e1b\u0e35","highlight_text":null,"is_vat_include":true,"benefits":null,"vat_text":"\u0e23\u0e27\u0e21\u0e20\u0e32\u0e29\u0e35\u0e21\u0e39\u0e25\u0e04\u0e48\u0e32\u0e40\u0e1e\u0e34\u0e48\u0e21\u0e41\u0e25\u0e49\u0e27","discount":{"discount":"-489","discount_text":"\u0e16\u0e39\u0e01\u0e25\u0e07 489 \u0e1a\u0e32\u0e17","full_price":1188},"package_category":{"id":1,"title":"\u0e40\u0e1a\u0e2a\u0e34\u0e01","sub_title":"\u0e14\u0e39\u0e2b\u0e19\u0e31\u0e07 \u0e41\u0e25\u0e30\u0e0b\u0e35\u0e23\u0e35\u0e2a\u0e4c","description":"\u0e23\u0e31\u0e1a\u0e0a\u0e21\u0e01\u0e35\u0e2c\u0e32\u0e2b\u0e19\u0e31\u0e07\u0e0b\u0e35\u0e23\u0e35\u0e2a\u0e4c\u0e44\u0e21\u0e48\u0e08\u0e33\u0e01\u0e31\u0e14 \u0e41\u0e1a\u0e1a\u0e44\u0e21\u0e48\u0e21\u0e35\u0e42\u0e06\u0e29\u0e13\u0e32\u0e04\u0e31\u0e48\u0e19 \u0e1e\u0e32\u0e01\u0e22\u0e4c\u0e44\u0e17\u0e22\u0e04\u0e23\u0e1a\u0e17\u0e38\u0e01\u0e40\u0e23\u0e37\u0e48\u0e2d\u0e07","short_benefits":"\u0e23\u0e31\u0e1a\u0e0a\u0e21\u0e20\u0e32\u0e1e\u0e22\u0e19\u0e15\u0e23\u0e4c \u0e0b\u0e35\u0e23\u0e35\u0e2a\u0e4c\u0e0a\u0e31\u0e49\u0e19\u0e19\u0e33\u0e08\u0e32\u0e01\u0e17\u0e31\u0e48\u0e27\u0e42\u0e25\u0e01\u0e41\u0e25\u0e30\u0e0b\u0e35\u0e23\u0e35\u0e2a\u0e4c\u0e2a\u0e38\u0e14 Exclusive \u0e40\u0e09\u0e1e\u0e32\u0e30\u0e17\u0e35\u0e48 Monomax \u0e40\u0e17\u0e48\u0e32\u0e19\u0e31\u0e49\u0e19","add_on_title":null,"slug":"entertain","logo":["https:\/\/img.monomax.me\/PayMZ4oB5JRk_UgM6GWp0GDLww4=\/staging.monomax.me\/assets\/monomax\/images\/payments\/ic_new_monomax.png"],"benefits":["\u0e2b\u0e19\u0e31\u0e07 \u0e0b\u0e35\u0e23\u0e35\u0e2a\u0e4c \u0e27\u0e32\u0e44\u0e23\u0e15\u0e35\u0e49\u0e44\u0e21\u0e48\u0e08\u0e33\u0e01\u0e31\u0e14","\u0e40\u0e02\u0e49\u0e32\u0e0a\u0e21\u0e2b\u0e19\u0e31\u0e07 \u0e0b\u0e35\u0e23\u0e35\u0e2a\u0e4c\u0e44\u0e14\u0e49\u0e17\u0e38\u0e01\u0e2d\u0e38\u0e1b\u0e01\u0e23\u0e13\u0e4c","\u0e04\u0e27\u0e32\u0e21\u0e04\u0e21\u0e0a\u0e31\u0e14\u0e2a\u0e39\u0e07\u0e2a\u0e38\u0e14 HD"],"devices":"1","max_res":"HD","see_more_competitions":false,"starting_price":null,"is_recommend":false,"promote_competition_image":null}}],"extra":{"starter":{"show":true,"target_url":"https:\/\/staging.monomax.me\/packages"}},"package_benefits":[{"title":"\u0e14\u0e39\u0e2b\u0e19\u0e31\u0e07 \u0e0b\u0e35\u0e23\u0e35\u0e2a\u0e4c\u0e44\u0e21\u0e48\u0e08\u0e33\u0e01\u0e31\u0e14","logo":"https:\/\/img.monomax.me\/P12rl1yBl4b6BPuqmsUGgM6lT5k=\/staging.monomax.me\/assets\/monomax\/images\/packages\/01_unlimit_movies.png"},{"title":"\u0e23\u0e2d\u0e07\u0e23\u0e31\u0e1a\u0e2b\u0e25\u0e32\u0e01\u0e2b\u0e25\u0e32\u0e22\u0e2d\u0e38\u0e1b\u0e01\u0e23\u0e13\u0e4c","logo":"https:\/\/img.monomax.me\/1WapYsJnOgofiYsrU2wUhma4YwE=\/staging.monomax.me\/assets\/monomax\/images\/packages\/02_multiple_devices.png"},{"title":"\u0e1e\u0e32\u0e01\u0e22\u0e4c\u0e44\u0e17\u0e22\u0e04\u0e23\u0e1a\u0e17\u0e38\u0e01\u0e40\u0e23\u0e37\u0e48\u0e2d\u0e07","logo":"https:\/\/img.monomax.me\/9lSJfDCgUsfKAbHnTda-elL061c=\/staging.monomax.me\/assets\/monomax\/images\/packages\/03_thai_audio.png"},{"title":"\u0e44\u0e21\u0e48\u0e21\u0e35\u0e42\u0e06\u0e29\u0e13\u0e32","logo":"https:\/\/img.monomax.me\/U43FFFvlbnWJkHJEISvjHwUJ89E=\/staging.monomax.me\/assets\/monomax\/images\/packages\/04_no_ads.png"}],"conditions":{"package_subscribe":{"title":"\u0e15\u0e48\u0e2d\u0e2d\u0e32\u0e22\u0e38\u0e41\u0e1e\u0e47\u0e01\u0e40\u0e01\u0e08\u0e2d\u0e31\u0e15\u0e42\u0e19\u0e21\u0e31\u0e15\u0e34 \u0e22\u0e01\u0e40\u0e25\u0e34\u0e01\u0e44\u0e14\u0e49\u0e15\u0e25\u0e2d\u0e14\u0e40\u0e27\u0e25\u0e32","restore_description":"\u0e2b\u0e32\u0e01\u0e0b\u0e37\u0e49\u0e2d\u0e41\u0e1e\u0e47\u0e04\u0e40\u0e01\u0e08\u0e41\u0e25\u0e49\u0e27 \u0e44\u0e21\u0e48\u0e1e\u0e1a\u0e27\u0e31\u0e19\u0e43\u0e0a\u0e49\u0e07\u0e32\u0e19 \u0e01\u0e23\u0e38\u0e13\u0e32\u0e01\u0e14\u0e22\u0e37\u0e19\u0e22\u0e31\u0e19\u0e04\u0e33\u0e2a\u0e31\u0e48\u0e07\u0e0b\u0e37\u0e49\u0e2d\u0e2d\u0e35\u0e01\u0e04\u0e23\u0e31\u0e49\u0e07","restore_action_text":"Restore purchase"},"conditions":{"title":"\u0e23\u0e32\u0e22\u0e25\u0e30\u0e40\u0e2d\u0e35\u0e22\u0e14\u0e1a\u0e23\u0e34\u0e01\u0e32\u0e23\u0e15\u0e48\u0e2d\u0e2d\u0e32\u0e22\u0e38\u0e2d\u0e31\u0e15\u0e42\u0e19\u0e21\u0e31\u0e15\u0e34","description":["\u0e01\u0e32\u0e23\u0e0a\u0e33\u0e23\u0e30\u0e40\u0e07\u0e34\u0e19\u0e08\u0e30\u0e16\u0e39\u0e01\u0e40\u0e23\u0e35\u0e22\u0e01\u0e40\u0e01\u0e47\u0e1a\u0e1c\u0e48\u0e32\u0e19\u0e1a\u0e31\u0e0d\u0e0a\u0e35 Apple ID \u0e02\u0e2d\u0e07\u0e04\u0e38\u0e13 \u0e42\u0e14\u0e22\u0e08\u0e30\u0e21\u0e35\u0e01\u0e32\u0e23\u0e40\u0e23\u0e35\u0e22\u0e01\u0e40\u0e01\u0e47\u0e1a\u0e40\u0e07\u0e34\u0e19\u0e43\u0e19\u0e27\u0e31\u0e19\u0e17\u0e35\u0e48\u0e01\u0e33\u0e2b\u0e19\u0e14\u0e43\u0e19\u0e41\u0e15\u0e48\u0e25\u0e30\u0e40\u0e14\u0e37\u0e2d\u0e19","\u0e2a\u0e32\u0e21\u0e32\u0e23\u0e16\u0e08\u0e31\u0e14\u0e01\u0e32\u0e23\u0e40\u0e01\u0e35\u0e48\u0e22\u0e27\u0e01\u0e31\u0e1a\u0e01\u0e32\u0e23\u0e0a\u0e33\u0e23\u0e30\u0e40\u0e07\u0e34\u0e19\u0e44\u0e14\u0e49\u0e17\u0e35\u0e48\u0e01\u0e32\u0e23\u0e15\u0e31\u0e49\u0e07\u0e04\u0e48\u0e32 Apple ID \u0e02\u0e2d\u0e07\u0e04\u0e38\u0e13","\u0e2b\u0e25\u0e31\u0e07\u0e08\u0e32\u0e01\u0e17\u0e35\u0e48\u0e2a\u0e21\u0e32\u0e0a\u0e34\u0e01\u0e22\u0e01\u0e40\u0e25\u0e34\u0e01\u0e1a\u0e23\u0e34\u0e01\u0e32\u0e23\u0e41\u0e25\u0e49\u0e27\u0e22\u0e31\u0e07\u0e2a\u0e32\u0e21\u0e32\u0e23\u0e16\u0e23\u0e31\u0e1a\u0e1a\u0e23\u0e34\u0e01\u0e32\u0e23 MONOMAX \u0e44\u0e14\u0e49\u0e08\u0e19\u0e16\u0e36\u0e07\u0e27\u0e31\u0e19\u0e2b\u0e21\u0e14\u0e2d\u0e32\u0e22\u0e38\u0e02\u0e2d\u0e07\u0e41\u0e1e\u0e47\u0e01\u0e40... (set the log level to DEBUG or TRACE to see the full content) 
 </msg>
<msg timestamp="20251023 00:05:46.306" level="INFO">${response} = &lt;Response [200]&gt;</msg>
<status status="PASS" starttime="20251023 00:05:45.653" endtime="20251023 00:05:46.306"/>
</kw>
<kw name="Validate Package Category Response" library="Get_Package">
<arg>${response}</arg>
<arg>${platform}</arg>
<arg>${category_id}</arg>
<kw name="Log To Console" library="BuiltIn">
<arg>Get Package Category Response code: ${response.status_code}</arg>
<doc>Logs the given message to the console.</doc>
<status status="PASS" starttime="20251023 00:05:46.307" endtime="20251023 00:05:46.308"/>
</kw>
<kw name="Should Be Equal As Integers" library="BuiltIn">
<arg>${response.status_code}</arg>
<arg>200</arg>
<doc>Fails if objects are unequal after converting them to integers.</doc>
<msg timestamp="20251023 00:05:46.309" level="INFO">Argument types are:
&lt;class 'int'&gt;
&lt;class 'str'&gt;</msg>
<status status="PASS" starttime="20251023 00:05:46.309" endtime="20251023 00:05:46.309"/>
</kw>
<for flavor="IN RANGE">
<var>${index}</var>
<value>${category_id}</value>
<iter>
<var name="${index}">0</var>
<kw name="Set Variable" library="BuiltIn">
<var>${json_response}</var>
<arg>${response.json()}</arg>
<doc>Returns the given values which can then be assigned to a variables.</doc>
<msg timestamp="20251023 00:05:46.311" level="INFO">${json_response} = {'data': [{'id': 209, 'package_type': 'monthly', 'name': 'แพ็กเกจ 1 เดือน ดูได้ 1 อุปกรณ์ ซื้อผ่านสโตร์', 'title': 'แพ็กเกจรายเดือน', 'info': ['99 บาท/เดือน', 'ราคาปกติ', 'ไม่มีสัญญาหรือข้อผูกมัดใดๆ ย...</msg>
<status status="PASS" starttime="20251023 00:05:46.310" endtime="20251023 00:05:46.312"/>
</kw>
<kw name="Json Value" library="common">
<var>${package_id}</var>
<arg>${json_response}</arg>
<arg>$.data.[${index}].id</arg>
<kw name="Get Value From Json" library="JSONLibrary">
<var>${value}</var>
<arg>${body}</arg>
<arg>${jsonpath}</arg>
<doc>Get Value From JSON using JSONPath</doc>
<msg timestamp="20251023 00:05:46.326" level="INFO">${value} = [209]</msg>
<status status="PASS" starttime="20251023 00:05:46.312" endtime="20251023 00:05:46.326"/>
</kw>
<msg timestamp="20251023 00:05:46.327" level="INFO">${package_id} = 209</msg>
<status status="PASS" starttime="20251023 00:05:46.312" endtime="20251023 00:05:46.327"/>
</kw>
<kw name="Json Value" library="common">
<var>${package_type}</var>
<arg>${json_response}</arg>
<arg>$.data.[${index}].package_type</arg>
<kw name="Get Value From Json" library="JSONLibrary">
<var>${value}</var>
<arg>${body}</arg>
<arg>${jsonpath}</arg>
<doc>Get Value From JSON using JSONPath</doc>
<msg timestamp="20251023 00:05:46.346" level="INFO">${value} = ['monthly']</msg>
<status status="PASS" starttime="20251023 00:05:46.327" endtime="20251023 00:05:46.346"/>
</kw>
<msg timestamp="20251023 00:05:46.346" level="INFO">${package_type} = monthly</msg>
<status status="PASS" starttime="20251023 00:05:46.327" endtime="20251023 00:05:46.346"/>
</kw>
<kw name="Json Value" library="common">
<var>${package_name}</var>
<arg>${json_response}</arg>
<arg>$.data.[${index}].name</arg>
<kw name="Get Value From Json" library="JSONLibrary">
<var>${value}</var>
<arg>${body}</arg>
<arg>${jsonpath}</arg>
<doc>Get Value From JSON using JSONPath</doc>
<msg timestamp="20251023 00:05:46.355" level="INFO">${value} = ['แพ็กเกจ 1 เดือน ดูได้ 1 อุปกรณ์ ซื้อผ่านสโตร์']</msg>
<status status="PASS" starttime="20251023 00:05:46.346" endtime="20251023 00:05:46.355"/>
</kw>
<msg timestamp="20251023 00:05:46.356" level="INFO">${package_name} = แพ็กเกจ 1 เดือน ดูได้ 1 อุปกรณ์ ซื้อผ่านสโตร์</msg>
<status status="PASS" starttime="20251023 00:05:46.346" endtime="20251023 00:05:46.356"/>
</kw>
<kw name="Json Value" library="common">
<var>${devices}</var>
<arg>${json_response}</arg>
<arg>$.data.[${index}].devices</arg>
<kw name="Get Value From Json" library="JSONLibrary">
<var>${value}</var>
<arg>${body}</arg>
<arg>${jsonpath}</arg>
<doc>Get Value From JSON using JSONPath</doc>
<msg timestamp="20251023 00:05:46.364" level="INFO">${value} = [1]</msg>
<status status="PASS" starttime="20251023 00:05:46.356" endtime="20251023 00:05:46.364"/>
</kw>
<msg timestamp="20251023 00:05:46.364" level="INFO">${devices} = 1</msg>
<status status="PASS" starttime="20251023 00:05:46.356" endtime="20251023 00:05:46.364"/>
</kw>
<kw name="Json Value" library="common">
<var>${package_price}</var>
<arg>${json_response}</arg>
<arg>$.data.[${index}].price</arg>
<kw name="Get Value From Json" library="JSONLibrary">
<var>${value}</var>
<arg>${body}</arg>
<arg>${jsonpath}</arg>
<doc>Get Value From JSON using JSONPath</doc>
<msg timestamp="20251023 00:05:46.373" level="INFO">${value} = [99]</msg>
<status status="PASS" starttime="20251023 00:05:46.365" endtime="20251023 00:05:46.373"/>
</kw>
<msg timestamp="20251023 00:05:46.373" level="INFO">${package_price} = 99</msg>
<status status="PASS" starttime="20251023 00:05:46.365" endtime="20251023 00:05:46.373"/>
</kw>
<kw name="Json Value" library="common">
<var>${android_sku}</var>
<arg>${json_response}</arg>
<arg>$.data.[${index}].android_sku</arg>
<kw name="Get Value From Json" library="JSONLibrary">
<var>${value}</var>
<arg>${body}</arg>
<arg>${jsonpath}</arg>
<doc>Get Value From JSON using JSONPath</doc>
<msg timestamp="20251023 00:05:46.381" level="INFO">${value} = ['recurring_1d_1m99']</msg>
<status status="PASS" starttime="20251023 00:05:46.374" endtime="20251023 00:05:46.381"/>
</kw>
<msg timestamp="20251023 00:05:46.382" level="INFO">${android_sku} = recurring_1d_1m99</msg>
<status status="PASS" starttime="20251023 00:05:46.373" endtime="20251023 00:05:46.382"/>
</kw>
<kw name="Json Value" library="common">
<var>${androidtv_sku}</var>
<arg>${json_response}</arg>
<arg>$.data.[${index}].androidtv_sku</arg>
<kw name="Get Value From Json" library="JSONLibrary">
<var>${value}</var>
<arg>${body}</arg>
<arg>${jsonpath}</arg>
<doc>Get Value From JSON using JSONPath</doc>
<msg timestamp="20251023 00:05:46.390" level="INFO">${value} = ['recurring_1d_1m99']</msg>
<status status="PASS" starttime="20251023 00:05:46.382" endtime="20251023 00:05:46.390"/>
</kw>
<msg timestamp="20251023 00:05:46.390" level="INFO">${androidtv_sku} = recurring_1d_1m99</msg>
<status status="PASS" starttime="20251023 00:05:46.382" endtime="20251023 00:05:46.390"/>
</kw>
<kw name="Json Value" library="common">
<var>${ios_sku}</var>
<arg>${json_response}</arg>
<arg>$.data.[${index}].ios_sku</arg>
<kw name="Get Value From Json" library="JSONLibrary">
<var>${value}</var>
<arg>${body}</arg>
<arg>${jsonpath}</arg>
<doc>Get Value From JSON using JSONPath</doc>
<msg timestamp="20251023 00:05:46.398" level="INFO">${value} = ['staging_recurring_1d_1m99']</msg>
<status status="PASS" starttime="20251023 00:05:46.391" endtime="20251023 00:05:46.398"/>
</kw>
<msg timestamp="20251023 00:05:46.399" level="INFO">${ios_sku} = staging_recurring_1d_1m99</msg>
<status status="PASS" starttime="20251023 00:05:46.390" endtime="20251023 00:05:46.399"/>
</kw>
<kw name="Should Be True" library="BuiltIn">
<arg>${package_id} &gt; 0</arg>
<doc>Fails if the given condition is not true.</doc>
<status status="PASS" starttime="20251023 00:05:46.399" endtime="20251023 00:05:46.399"/>
</kw>
<kw name="Should Not Be Empty" library="BuiltIn">
<arg>${package_type}</arg>
<doc>Verifies that the given item is not empty.</doc>
<msg timestamp="20251023 00:05:46.399" level="INFO">Length is 7</msg>
<status status="PASS" starttime="20251023 00:05:46.399" endtime="20251023 00:05:46.399"/>
</kw>
<kw name="Should Not Be Empty" library="BuiltIn">
<arg>${package_name}</arg>
<doc>Verifies that the given item is not empty.</doc>
<msg timestamp="20251023 00:05:46.399" level="INFO">Length is 45</msg>
<status status="PASS" starttime="20251023 00:05:46.399" endtime="20251023 00:05:46.399"/>
</kw>
<kw name="Should Be True" library="BuiltIn">
<arg>${package_price} &gt; 0</arg>
<doc>Fails if the given condition is not true.</doc>
<status status="PASS" starttime="20251023 00:05:46.399" endtime="20251023 00:05:46.399"/>
</kw>
<kw name="Should Be True" library="BuiltIn">
<arg>${devices} &gt; 0</arg>
<doc>Fails if the given condition is not true.</doc>
<status status="PASS" starttime="20251023 00:05:46.399" endtime="20251023 00:05:46.400"/>
</kw>
<kw name="Should Not Be Empty" library="BuiltIn">
<arg>${android_sku}</arg>
<doc>Verifies that the given item is not empty.</doc>
<msg timestamp="20251023 00:05:46.400" level="INFO">Length is 17</msg>
<status status="PASS" starttime="20251023 00:05:46.400" endtime="20251023 00:05:46.400"/>
</kw>
<kw name="Should Not Be Empty" library="BuiltIn">
<arg>${androidtv_sku}</arg>
<doc>Verifies that the given item is not empty.</doc>
<msg timestamp="20251023 00:05:46.400" level="INFO">Length is 17</msg>
<status status="PASS" starttime="20251023 00:05:46.400" endtime="20251023 00:05:46.400"/>
</kw>
<kw name="Should Not Be Empty" library="BuiltIn">
<arg>${ios_sku}</arg>
<doc>Verifies that the given item is not empty.</doc>
<msg timestamp="20251023 00:05:46.400" level="INFO">Length is 25</msg>
<status status="PASS" starttime="20251023 00:05:46.400" endtime="20251023 00:05:46.400"/>
</kw>
<status status="PASS" starttime="20251023 00:05:46.310" endtime="20251023 00:05:46.400"/>
</iter>
<status status="PASS" starttime="20251023 00:05:46.310" endtime="20251023 00:05:46.400"/>
</for>
<kw name="Log To Console" library="BuiltIn">
<arg>Get Package Category ${category_id} ${platform}</arg>
<doc>Logs the given message to the console.</doc>
<status status="PASS" starttime="20251023 00:05:46.400" endtime="20251023 00:05:46.400"/>
</kw>
<status status="PASS" starttime="20251023 00:05:46.307" endtime="20251023 00:05:46.400"/>
</kw>
<status status="PASS" starttime="20251023 00:05:45.652" endtime="20251023 00:05:46.400"/>
</iter>
<iter>
<var name="${category_id}">2</var>
<kw name="Create Session" library="RequestsLibrary">
<arg>GET_Package_Category</arg>
<arg>${Base_url}</arg>
<arg>verify=${Verify_flag}</arg>
<arg>disable_warnings=${Warning_flag}</arg>
<doc>Create Session: create a HTTP session to a server</doc>
<msg timestamp="20251023 00:05:46.401" level="INFO">Creating Session using : alias=GET_Package_Category, url=https://staging.monomax.me/api/v2, headers={},                     cookies={}, auth=None, timeout=None, proxies=None, verify=False,                     debug=0 </msg>
<status status="PASS" starttime="20251023 00:05:46.400" endtime="20251023 00:05:46.401"/>
</kw>
<kw name="Create Dictionary" library="BuiltIn">
<var>${params}</var>
<arg>category_id=${category_id}</arg>
<doc>Creates and returns a dictionary based on the given ``items``.</doc>
<msg timestamp="20251023 00:05:46.401" level="INFO">${params} = {'category_id': 2}</msg>
<status status="PASS" starttime="20251023 00:05:46.401" endtime="20251023 00:05:46.401"/>
</kw>
<kw name="GET On Session" library="RequestsLibrary">
<var>${response}</var>
<arg>GET_Package_Category</arg>
<arg>${Package_category_path}</arg>
<arg>params=${params}</arg>
<doc>Sends a GET request on a previously created HTTP Session.</doc>
<msg timestamp="20251023 00:05:46.841" level="INFO">GET Request : url=https://staging.monomax.me/api/v2/packages/ios?category_id=2 
 path_url=/api/v2/packages/ios?category_id=2 
 headers={'User-Agent': 'python-requests/2.32.3', 'Accept-Encoding': 'gzip, deflate', 'Accept': '*/*', 'Connection': 'keep-alive'} 
 body=None 
 </msg>
<msg timestamp="20251023 00:05:46.841" level="INFO">GET Response : url=https://staging.monomax.me/api/v2/packages/ios?category_id=2 
 status=200, reason=OK 
 headers={'Content-Type': 'application/json; charset=utf-8', 'Transfer-Encoding': 'chunked', 'Connection': 'keep-alive', 'Date': 'Wed, 22 Oct 2025 17:05:45 GMT', 'Content-Encoding': 'gzip', 'Server': 'CW', 'Set-Cookie': 'HWWAFSESID=ac7757c2cd3853bb78; path=/, HWWAFSESTIME=1761152742083; path=/', 'Cache-Control': 'no-cache, private', 'X-Content-Type-Options': 'nosniff', 'X-XSS-Protection': '1; mode=block', 'X-UA-Compatible': 'IE=Edge', 'Content-Security-Policy': "frame-ancestors 'self'", 'X-Frame-Options': 'SAMEORIGIN', 'X-Robots-Tag': 'noindex, nofollow', 'Vary': 'Accept-Encoding, Origin', 'X-Cache': 'Miss from cloudfront', 'Via': '1.1 3a445d6c65044824747429827e2a8856.cloudfront.net (CloudFront)', 'X-Amz-Cf-Pop': 'BKK50-P3', 'X-Amz-Cf-Id': '4YpiU8Hjhr-m3FGUDpfWupnLo7LpMYFHpQB8T-ThGX6jPMHBidbpVg==', 'Referrer-Policy': 'strict-origin-when-cross-origin', 'Strict-Transport-Security': 'max-age=31536000'} 
 body={"data":[{"id":313,"package_type":"monthly","name":"Monomax Standard Monthly 299 \u0e1a\u0e32\u0e17 \/ 1 \u0e2d\u0e38\u0e1b\u0e01\u0e23\u0e13\u0e4c","title":"\u0e41\u0e1e\u0e47\u0e01\u0e40\u0e01\u0e08\u0e23\u0e32\u0e22\u0e40\u0e14\u0e37\u0e2d\u0e19","info":["299 \u0e1a\u0e32\u0e17\/\u0e40\u0e14\u0e37\u0e2d\u0e19","\u0e23\u0e32\u0e04\u0e32\u0e1b\u0e01\u0e15\u0e34","\u0e44\u0e21\u0e48\u0e21\u0e35\u0e2a\u0e31\u0e0d\u0e0d\u0e32\u0e2b\u0e23\u0e37\u0e2d\u0e02\u0e49\u0e2d\u0e1c\u0e39\u0e01\u0e21\u0e31\u0e14\u0e43\u0e14\u0e46 \u0e22\u0e01\u0e40\u0e25\u0e34\u0e01\u0e44\u0e14\u0e49\u0e15\u0e25\u0e2d\u0e14\u0e40\u0e27\u0e25\u0e32"],"devices":1,"price":299,"fullprice":299,"percent_discount":0,"expire_days":30,"free_trial_days":0,"intro_price":0,"intro_period":0,"intro_period_days":0,"is_recurring":true,"android_sku":"recurring_sports_1d_1m299","androidtv_sku":"recurring_sports_1d_1m299","ios_sku":"staging_recurring_sports_1d_1m299","hms_sku":"","display_title":"\u0e2a\u0e41\u0e15\u0e19\u0e14\u0e32\u0e23\u0e4c\u0e14","display_subtitle":"\u0e14\u0e39\u0e1e\u0e23\u0e49\u0e2d\u0e21\u0e01\u0e31\u0e19 1 \u0e08\u0e2d","price_text":"299 \u0e1a\u0e32\u0e17\/\u0e40\u0e14\u0e37\u0e2d\u0e19","highlight_text":null,"is_vat_include":true,"benefits":null,"vat_text":"\u0e23\u0e27\u0e21\u0e20\u0e32\u0e29\u0e35\u0e21\u0e39\u0e25\u0e04\u0e48\u0e32\u0e40\u0e1e\u0e34\u0e48\u0e21\u0e41\u0e25\u0e49\u0e27","discount":null,"package_category":{"id":2,"title":"\u0e2a\u0e41\u0e15\u0e19\u0e14\u0e32\u0e23\u0e4c\u0e14","sub_title":"\u0e14\u0e39\u0e2b\u0e19\u0e31\u0e07 \u0e0b\u0e35\u0e23\u0e35\u0e2a\u0e4c \u0e1e\u0e23\u0e35\u0e40\u0e21\u0e35\u0e22\u0e23\u0e4c\u0e25\u0e35\u0e01 \u0e41\u0e25\u0e30\u0e01\u0e35\u0e2c\u0e32\u0e2d\u0e37\u0e48\u0e19\u0e46","description":"\u0e23\u0e31\u0e1a\u0e0a\u0e21\u0e1f\u0e38\u0e15\u0e1a\u0e2d\u0e25\u0e1e\u0e23\u0e35\u0e40\u0e21\u0e35\u0e22\u0e23\u0e4c\u0e25\u0e35\u0e01 \u0e40\u0e2d\u0e1f\u0e40\u0e2d\u0e04\u0e31\u0e1e \u0e01\u0e35\u0e2c\u0e32\u0e2d\u0e37\u0e48\u0e19\u0e46 \u0e41\u0e25\u0e30\u0e2b\u0e19\u0e31\u0e07\u0e0b\u0e35\u0e23\u0e35\u0e2a\u0e4c\u0e44\u0e21\u0e48\u0e08\u0e33\u0e01\u0e31\u0e14","short_benefits":"\u0e23\u0e31\u0e1a\u0e0a\u0e21\u0e1f\u0e38\u0e15\u0e1a\u0e2d\u0e25\u0e1e\u0e23\u0e35\u0e40\u0e21\u0e35\u0e22\u0e23\u0e4c\u0e25\u0e35\u0e01 \u0e40\u0e2d\u0e1f\u0e40\u0e2d\u0e04\u0e31\u0e1e \u0e41\u0e25\u0e30\u0e2b\u0e19\u0e31\u0e07 \u0e0b\u0e35\u0e23\u0e35\u0e2a\u0e4c\u0e0a\u0e31\u0e49\u0e19\u0e19\u0e33\u0e2a\u0e38\u0e14 Exclusive \u0e40\u0e09\u0e1e\u0e32\u0e30\u0e17\u0e35\u0e48 Monomax \u0e40\u0e17\u0e48\u0e32\u0e19\u0e31\u0e49\u0e19","add_on_title":null,"slug":"epl","logo":["https:\/\/img.monomax.me\/PayMZ4oB5JRk_UgM6GWp0GDLww4=\/staging.monomax.me\/assets\/monomax\/images\/payments\/ic_new_monomax.png","https:\/\/img.monomax.me\/1GQcJVo1e0GYCBhoyjbhF6AY07Y=\/staging.monomax.me\/assets\/monomax\/images\/payments\/ic_new_pl.png","https:\/\/img.monomax.me\/0Ihky-BXtO9zYmLTB9eU52pBsyo=\/staging.monomax.me\/assets\/monomax\/images\/payments\/ic_new_facup.png"],"benefits":["\u0e2b\u0e19\u0e31\u0e07 \u0e0b\u0e35\u0e23\u0e35\u0e2a\u0e4c \u0e27\u0e32\u0e44\u0e23\u0e15\u0e35\u0e49\u0e44\u0e21\u0e48\u0e08\u0e33\u0e01\u0e31\u0e14","\u0e1f\u0e38\u0e15\u0e1a\u0e2d\u0e25\u0e1e\u0e23\u0e35\u0e40\u0e21\u0e35\u0e22\u0e23\u0e4c\u0e25\u0e35\u0e01\u0e17\u0e38\u0e01\u0e04\u0e39\u0e48","\u0e1f\u0e38\u0e15\u0e1a\u0e2d\u0e25\u0e40\u0e2d\u0e1f\u0e40\u0e2d\u0e04\u0e31\u0e1e (63 \u0e04\u0e39\u0e48)","\u0e04\u0e27\u0e32\u0e21\u0e04\u0e21\u0e0a\u0e31\u0e14\u0e2a\u0e39\u0e07\u0e2a\u0e38\u0e14 Full HD"],"devices":"1","max_res":"Full HD","see_more_competitions":true,"starting_price":null,"is_recommend":true,"promote_competition_image":{"l_image":"https:\/\/img.monomax.me\/AKFqwkY2dqPQS9aNVAeN2a7qnS0=\/staging.monomax.me\/assets\/monomax\/images\/all-logo-desktop.png","h_image":"https:\/\/img.monomax.me\/tTVuL7M02RPyzHacQFLvNUonrgE=\/staging.monomax.me\/assets\/monomax\/images\/all-logo-mobile.png"}}},{"id":312,"package_type":"yearly","name":"Monomax Standard \u0e23\u0e32\u0e22\u0e1b\u0e35 2,999 \u0e1a\u0e32\u0e17 \/ 1 \u0e2d\u0e38\u0e1b\u0e01\u0e23\u0e13\u0e4c","title":"\u0e41\u0e1e\u0e47\u0e01\u0e40\u0e01\u0e08\u0e23\u0e32\u0e22\u0e1b\u0e35","info":["2,999 \u0e1a\u0e32\u0e17\/\u0e1b\u0e35","\u0e1b\u0e23\u0e30\u0e2b\u0e22\u0e31\u0e14 0%","\u0e40\u0e14\u0e37\u0e2d\u0e19\u0e25\u0e30 249.92 \u0e1a\u0e32\u0e17","\u0e44\u0e21\u0e48\u0e21\u0e35\u0e2a\u0e31\u0e0d\u0e0d\u0e32\u0e2b\u0e23\u0e37\u0e2d\u0e02\u0e49\u0e2d\u0e1c\u0e39\u0e01\u0e21\u0e31\u0e14\u0e43\u0e14\u0e46 \u0e22\u0e01\u0e40\u0e25\u0e34\u0e01\u0e44\u0e14\u0e49\u0e15\u0e25\u0e2d\u0e14\u0e40\u0e27\u0e25\u0e32"],"devices":1,"price":2999,"fullprice":2999,"percent_discount":0,"expire_days":365,"free_trial_days":0,"intro_price":0,"intro_period":0,"intro_period_days":0,"is_recurring":true,"android_sku":"recurring_sports_1d_1y2999","androidtv_sku":"recurring_sports_1d_1y2999","ios_sku":"staging_recurring_sports_1d_1y2999","hms_sku":"","display_title":"\u0e2a\u0e41\u0e15\u0e19\u0e14\u0e32\u0e23\u0e4c\u0e14","display_subtitle":"\u0e14\u0e39\u0e1e\u0e23\u0e49\u0e2d\u0e21\u0e01\u0e31\u0e19 1 \u0e08\u0e2d","price_text":"2,999 \u0e1a\u0e32\u0e17\/\u0e1b\u0e35","highlight_text":null,"is_vat_include":true,"benefits":null,"vat_text":"\u0e23\u0e27\u0e21\u0e20\u0e32\u0e29\u0e35\u0e21\u0e39\u0e25\u0e04\u0e48\u0e32\u0e40\u0e1e\u0e34\u0e48\u0e21\u0e41\u0e25\u0e49\u0e27","discount":null,"package_category":{"id":2,"title":"\u0e2a\u0e41\u0e15\u0e19\u0e14\u0e32\u0e23\u0e4c\u0e14","sub_title":"\u0e14\u0e39\u0e2b\u0e19\u0e31\u0e07 \u0e0b\u0e35\u0e23\u0e35\u0e2a\u0e4c \u0e1e\u0e23\u0e35\u0e40\u0e21\u0e35\u0e22\u0e23\u0e4c\u0e25\u0e35\u0e01 \u0e41\u0e25\u0e30\u0e01\u0e35\u0e2c\u0e32\u0e2d\u0e37\u0e48\u0e19\u0e46","description":"\u0e23\u0e31\u0e1a\u0e0a\u0e21\u0e1f\u0e38\u0e15\u0e1a\u0e2d\u0e25\u0e1e\u0e23\u0e35\u0e40\u0e21\u0e35\u0e22\u0e23\u0e4c\u0e25\u0e35\u0e01 \u0e40\u0e2d\u0e1f\u0e40\u0e2d\u0e04\u0e31\u0e1e \u0e01\u0e35\u0e2c\u0e32\u0e2d\u0e37\u0e48\u0e19\u0e46 \u0e41\u0e25\u0e30\u0e2b\u0e19\u0e31\u0e07\u0e0b\u0e35\u0e23\u0e35\u0e2a\u0e4c\u0e44\u0e21\u0e48\u0e08\u0e33\u0e01\u0e31\u0e14","short_benefits":"\u0e23\u0e31\u0e1a\u0e0a\u0e21\u0e1f\u0e38\u0e15\u0e1a\u0e2d\u0e25\u0e1e\u0e23\u0e35\u0e40\u0e21\u0e35\u0e22\u0e23\u0e4c\u0e25\u0e35\u0e01 \u0e40\u0e2d\u0e1f\u0e40\u0e2d\u0e04\u0e31\u0e1e \u0e41\u0e25\u0e30\u0e2b\u0e19\u0e31\u0e07 \u0e0b\u0e35\u0e23\u0e35\u0e2a\u0e4c\u0e0a\u0e31\u0e49\u0e19\u0e19\u0e33\u0e2a\u0e38\u0e14 Exclusive \u0e40\u0e09\u0e1e\u0e32\u0e30\u0e17\u0e35\u0e48 Monomax \u0e40\u0e17\u0e48\u0e32\u0e19\u0e31\u0e49\u0e19","add_on_title":null,"slug":"epl","logo":["https:\/\/img.monomax.me\/PayMZ4oB5JRk_UgM6GWp0GDLww4=\/staging.monomax.me\/assets\/monomax\/images\/payments\/ic_new_monomax.png","https:\/\/img.monomax.me\/1GQcJVo1e0GYCBhoyjbhF6AY07Y=\/staging.monomax.me\/assets\/monomax\/images\/payments\/ic_new_pl.png","https:\/\/img.monomax.me\/0Ihky-BXtO9zYmLTB9eU52pBsyo=\/staging.monomax.me\/assets\/monomax\/images\/payments\/ic_new_facup.png"],"benefits":["\u0e2b\u0e19\u0e31\u0e07 \u0e0b\u0e35\u0e23\u0e35\u0e2a\u0e4c \u0e27\u0e32\u0e44\u0e23\u0e15\u0e35\u0e49\u0e44\u0e21\u0e48\u0e08\u0e33\u0e01\u0e31\u0e14","\u0e1f\u0e38\u0e15\u0e1a\u0e2d\u0e25\u0e1e\u0e23\u0e35\u0e40\u0e21\u0e35\u0e22\u0e23\u0e4c\u0e25\u0e35\u0e01\u0e17\u0e38\u0e01\u0e04\u0e39\u0e48","\u0e1f\u0e38\u0e15\u0e1a\u0e2d\u0e25\u0e40\u0e2d\u0e1f\u0e40\u0e2d\u0e04\u0e31\u0e1e (63 \u0e04\u0e39\u0e48)","\u0e04\u0e27\u0e32\u0e21\u0e04\u0e21\u0e0a\u0e31\u0e14\u0e2a\u0e39\u0e07\u0e2a\u0e38\u0e14 Full HD"],"devices":"1","max_res":"Full HD","see_more_competitions":true,"starting_price":null,"is_recommend":true,"promote_competition_image":{"l_image":"https:\/\/img.monomax.me\/AKFqwkY2dqPQS9aNVAeN2a7qnS0=\/staging.monomax.me\/assets\/monomax\/images\/all-logo-desktop.png","h_image":"https:\/\/img.monomax.me\/tTVuL7M02RPyzHacQFLvNUonrgE=\/staging.monomax.me\/assets\/monomax\/images\/all-logo-mobile.png"}}}],"extra":{"starter":{"show":true,"target_url":"https:\/\/staging.monomax.me\/packages"}},"package_benefits":[{"title":"\u0e14\u0e39\u0e2b\u0e19\u0e31\u0e07 \u0e0b\u0e35\u0e23\u0e35\u0e2a\u0e4c \u0e41\u0e25\u0e30\u0e01\u0e35\u0e2c\u0e32\u0e44\u0e21\u0e48\u0e08\u0e33\u0e01\u0e31\u0e14","logo":"https:\/\/img.monomax.me\/P12rl1yBl4b6BPuqmsUGgM6lT5k=\/staging.monomax.me\/assets\/monomax\/images\/packages\/01_unlimit_movies.png"},{"title":"\u0e1e\u0e32\u0e01\u0e22\u0e4c\u0e44\u0e17\u0e22\u0e04\u0e23\u0e1a\u0e17\u0e38\u0e01\u0e40\u0e23\u0e37\u0e48\u0e2d\u0e07","logo":"https:\/\/img.monomax.me\/9lSJfDCgUsfKAbHnTda-elL061c=\/staging.monomax.me\/assets\/monomax\/images\/packages\/03_thai_audio.png"},{"title":"\u0e44\u0e21\u0e48\u0e21\u0e35\u0e42\u0e06\u0e29\u0e13\u0e32","logo":"https:\/\/img.monomax.me\/U43FFFvlbnWJkHJEISvjHwUJ89E=\/staging.monomax.me\/assets\/monomax\/images\/packages\/04_no_ads.png"},{"title":"\u0e1e\u0e23\u0e35\u0e40\u0e21\u0e35\u0e22\u0e23\u0e4c\u0e25\u0e35\u0e01 \u0e41\u0e25\u0e30\u0e40\u0e2d\u0e1f\u0e40\u0e2d\u0e04\u0e31\u0e1e\n\u0e44\u0e21\u0e48\u0e23\u0e2d\u0e07\u0e23\u0e31\u0e1a\u0e01\u0e32\u0e23\u0e23\u0e31\u0e1a\u0e0a\u0e21\u0e2a\u0e14\u0e1c\u0e48\u0e32\u0e19\u0e40\u0e27\u0e47\u0e1a\u0e44\u0e0b\u0e15\u0e4c","logo":"https:\/\/img.monomax.me\/zB5qmggmol71z-Y810wyoWJm-DY=\/staging.monomax.me\/assets\/monomax\/images\/packages\/premier-fa-no-live-2.png"}],"conditions":{"package_subscribe":{"title":"\u0e15\u0e48\u0e2d\u0e2d\u0e32\u0e22\u0e38\u0e41\u0e1e\u0e47\u0e01\u0e40\u0e01\u0e08\u0e2d\u0e31\u0e15\u0e42\u0e19\u0e21\u0e31\u0e15\u0e34 \u0e22\u0e01\u0e40\u0e25\u0e34\u0e01\u0e44\u0e14\u0e49\u0e15\u0e25\u0e2d\u0e14\u0e40\u0e27\u0e25\u0e32","restore_description":"\u0e2b\u0e32\u0e01\u0e0b\u0e37\u0e49\u0e2d\u0e41\u0e1e\u0e47\u0e04\u0e40\u0e01\u0e08\u0e41\u0e25\u0e49\u0e27 \u0e44\u0e21\u0e48\u0e1e\u0e1a\u0e27\u0e31\u0e19\u0e43\u0e0a\u0e49\u0e07\u0e32\u0e19 \u0e01\u0e23\u0e38\u0e13\u0e32\u0e01\u0e14\u0e22\u0e37\u0e19\u0e22\u0e31\u0e19\u0e04\u0e33\u0e2a\u0e31\u0e48\u0e07\u0e0b\u0e37\u0e49\u0e2d\u0e2d\u0e35\u0e01\u0e04\u0e23\u0e31\u0e49\u0e0... (set the log level to DEBUG or TRACE to see the full content) 
 </msg>
<msg timestamp="20251023 00:05:46.842" level="INFO">${response} = &lt;Response [200]&gt;</msg>
<status status="PASS" starttime="20251023 00:05:46.401" endtime="20251023 00:05:46.842"/>
</kw>
<kw name="Validate Package Category Response" library="Get_Package">
<arg>${response}</arg>
<arg>${platform}</arg>
<arg>${category_id}</arg>
<kw name="Log To Console" library="BuiltIn">
<arg>Get Package Category Response code: ${response.status_code}</arg>
<doc>Logs the given message to the console.</doc>
<status status="PASS" starttime="20251023 00:05:46.844" endtime="20251023 00:05:46.845"/>
</kw>
<kw name="Should Be Equal As Integers" library="BuiltIn">
<arg>${response.status_code}</arg>
<arg>200</arg>
<doc>Fails if objects are unequal after converting them to integers.</doc>
<msg timestamp="20251023 00:05:46.846" level="INFO">Argument types are:
&lt;class 'int'&gt;
&lt;class 'str'&gt;</msg>
<status status="PASS" starttime="20251023 00:05:46.845" endtime="20251023 00:05:46.846"/>
</kw>
<for flavor="IN RANGE">
<var>${index}</var>
<value>${category_id}</value>
<iter>
<var name="${index}">0</var>
<kw name="Set Variable" library="BuiltIn">
<var>${json_response}</var>
<arg>${response.json()}</arg>
<doc>Returns the given values which can then be assigned to a variables.</doc>
<msg timestamp="20251023 00:05:46.848" level="INFO">${json_response} = {'data': [{'id': 313, 'package_type': 'monthly', 'name': 'Monomax Standard Monthly 299 บาท / 1 อุปกรณ์', 'title': 'แพ็กเกจรายเดือน', 'info': ['299 บาท/เดือน', 'ราคาปกติ', 'ไม่มีสัญญาหรือข้อผูกมัดใดๆ ย...</msg>
<status status="PASS" starttime="20251023 00:05:46.846" endtime="20251023 00:05:46.848"/>
</kw>
<kw name="Json Value" library="common">
<var>${package_id}</var>
<arg>${json_response}</arg>
<arg>$.data.[${index}].id</arg>
<kw name="Get Value From Json" library="JSONLibrary">
<var>${value}</var>
<arg>${body}</arg>
<arg>${jsonpath}</arg>
<doc>Get Value From JSON using JSONPath</doc>
<msg timestamp="20251023 00:05:46.863" level="INFO">${value} = [313]</msg>
<status status="PASS" starttime="20251023 00:05:46.848" endtime="20251023 00:05:46.863"/>
</kw>
<msg timestamp="20251023 00:05:46.864" level="INFO">${package_id} = 313</msg>
<status status="PASS" starttime="20251023 00:05:46.848" endtime="20251023 00:05:46.864"/>
</kw>
<kw name="Json Value" library="common">
<var>${package_type}</var>
<arg>${json_response}</arg>
<arg>$.data.[${index}].package_type</arg>
<kw name="Get Value From Json" library="JSONLibrary">
<var>${value}</var>
<arg>${body}</arg>
<arg>${jsonpath}</arg>
<doc>Get Value From JSON using JSONPath</doc>
<msg timestamp="20251023 00:05:46.872" level="INFO">${value} = ['monthly']</msg>
<status status="PASS" starttime="20251023 00:05:46.864" endtime="20251023 00:05:46.872"/>
</kw>
<msg timestamp="20251023 00:05:46.873" level="INFO">${package_type} = monthly</msg>
<status status="PASS" starttime="20251023 00:05:46.864" endtime="20251023 00:05:46.873"/>
</kw>
<kw name="Json Value" library="common">
<var>${package_name}</var>
<arg>${json_response}</arg>
<arg>$.data.[${index}].name</arg>
<kw name="Get Value From Json" library="JSONLibrary">
<var>${value}</var>
<arg>${body}</arg>
<arg>${jsonpath}</arg>
<doc>Get Value From JSON using JSONPath</doc>
<msg timestamp="20251023 00:05:46.882" level="INFO">${value} = ['Monomax Standard Monthly 299 บาท / 1 อุปกรณ์']</msg>
<status status="PASS" starttime="20251023 00:05:46.873" endtime="20251023 00:05:46.882"/>
</kw>
<msg timestamp="20251023 00:05:46.882" level="INFO">${package_name} = Monomax Standard Monthly 299 บาท / 1 อุปกรณ์</msg>
<status status="PASS" starttime="20251023 00:05:46.873" endtime="20251023 00:05:46.882"/>
</kw>
<kw name="Json Value" library="common">
<var>${devices}</var>
<arg>${json_response}</arg>
<arg>$.data.[${index}].devices</arg>
<kw name="Get Value From Json" library="JSONLibrary">
<var>${value}</var>
<arg>${body}</arg>
<arg>${jsonpath}</arg>
<doc>Get Value From JSON using JSONPath</doc>
<msg timestamp="20251023 00:05:46.892" level="INFO">${value} = [1]</msg>
<status status="PASS" starttime="20251023 00:05:46.882" endtime="20251023 00:05:46.892"/>
</kw>
<msg timestamp="20251023 00:05:46.892" level="INFO">${devices} = 1</msg>
<status status="PASS" starttime="20251023 00:05:46.882" endtime="20251023 00:05:46.892"/>
</kw>
<kw name="Json Value" library="common">
<var>${package_price}</var>
<arg>${json_response}</arg>
<arg>$.data.[${index}].price</arg>
<kw name="Get Value From Json" library="JSONLibrary">
<var>${value}</var>
<arg>${body}</arg>
<arg>${jsonpath}</arg>
<doc>Get Value From JSON using JSONPath</doc>
<msg timestamp="20251023 00:05:46.900" level="INFO">${value} = [299]</msg>
<status status="PASS" starttime="20251023 00:05:46.892" endtime="20251023 00:05:46.900"/>
</kw>
<msg timestamp="20251023 00:05:46.901" level="INFO">${package_price} = 299</msg>
<status status="PASS" starttime="20251023 00:05:46.892" endtime="20251023 00:05:46.901"/>
</kw>
<kw name="Json Value" library="common">
<var>${android_sku}</var>
<arg>${json_response}</arg>
<arg>$.data.[${index}].android_sku</arg>
<kw name="Get Value From Json" library="JSONLibrary">
<var>${value}</var>
<arg>${body}</arg>
<arg>${jsonpath}</arg>
<doc>Get Value From JSON using JSONPath</doc>
<msg timestamp="20251023 00:05:46.911" level="INFO">${value} = ['recurring_sports_1d_1m299']</msg>
<status status="PASS" starttime="20251023 00:05:46.901" endtime="20251023 00:05:46.911"/>
</kw>
<msg timestamp="20251023 00:05:46.911" level="INFO">${android_sku} = recurring_sports_1d_1m299</msg>
<status status="PASS" starttime="20251023 00:05:46.901" endtime="20251023 00:05:46.911"/>
</kw>
<kw name="Json Value" library="common">
<var>${androidtv_sku}</var>
<arg>${json_response}</arg>
<arg>$.data.[${index}].androidtv_sku</arg>
<kw name="Get Value From Json" library="JSONLibrary">
<var>${value}</var>
<arg>${body}</arg>
<arg>${jsonpath}</arg>
<doc>Get Value From JSON using JSONPath</doc>
<msg timestamp="20251023 00:05:46.919" level="INFO">${value} = ['recurring_sports_1d_1m299']</msg>
<status status="PASS" starttime="20251023 00:05:46.911" endtime="20251023 00:05:46.919"/>
</kw>
<msg timestamp="20251023 00:05:46.920" level="INFO">${androidtv_sku} = recurring_sports_1d_1m299</msg>
<status status="PASS" starttime="20251023 00:05:46.911" endtime="20251023 00:05:46.920"/>
</kw>
<kw name="Json Value" library="common">
<var>${ios_sku}</var>
<arg>${json_response}</arg>
<arg>$.data.[${index}].ios_sku</arg>
<kw name="Get Value From Json" library="JSONLibrary">
<var>${value}</var>
<arg>${body}</arg>
<arg>${jsonpath}</arg>
<doc>Get Value From JSON using JSONPath</doc>
<msg timestamp="20251023 00:05:46.928" level="INFO">${value} = ['staging_recurring_sports_1d_1m299']</msg>
<status status="PASS" starttime="20251023 00:05:46.920" endtime="20251023 00:05:46.928"/>
</kw>
<msg timestamp="20251023 00:05:46.928" level="INFO">${ios_sku} = staging_recurring_sports_1d_1m299</msg>
<status status="PASS" starttime="20251023 00:05:46.920" endtime="20251023 00:05:46.928"/>
</kw>
<kw name="Should Be True" library="BuiltIn">
<arg>${package_id} &gt; 0</arg>
<doc>Fails if the given condition is not true.</doc>
<status status="PASS" starttime="20251023 00:05:46.929" endtime="20251023 00:05:46.929"/>
</kw>
<kw name="Should Not Be Empty" library="BuiltIn">
<arg>${package_type}</arg>
<doc>Verifies that the given item is not empty.</doc>
<msg timestamp="20251023 00:05:46.929" level="INFO">Length is 7</msg>
<status status="PASS" starttime="20251023 00:05:46.929" endtime="20251023 00:05:46.929"/>
</kw>
<kw name="Should Not Be Empty" library="BuiltIn">
<arg>${package_name}</arg>
<doc>Verifies that the given item is not empty.</doc>
<msg timestamp="20251023 00:05:46.929" level="INFO">Length is 44</msg>
<status status="PASS" starttime="20251023 00:05:46.929" endtime="20251023 00:05:46.929"/>
</kw>
<kw name="Should Be True" library="BuiltIn">
<arg>${package_price} &gt; 0</arg>
<doc>Fails if the given condition is not true.</doc>
<status status="PASS" starttime="20251023 00:05:46.929" endtime="20251023 00:05:46.929"/>
</kw>
<kw name="Should Be True" library="BuiltIn">
<arg>${devices} &gt; 0</arg>
<doc>Fails if the given condition is not true.</doc>
<status status="PASS" starttime="20251023 00:05:46.929" endtime="20251023 00:05:46.929"/>
</kw>
<kw name="Should Not Be Empty" library="BuiltIn">
<arg>${android_sku}</arg>
<doc>Verifies that the given item is not empty.</doc>
<msg timestamp="20251023 00:05:46.929" level="INFO">Length is 25</msg>
<status status="PASS" starttime="20251023 00:05:46.929" endtime="20251023 00:05:46.929"/>
</kw>
<kw name="Should Not Be Empty" library="BuiltIn">
<arg>${androidtv_sku}</arg>
<doc>Verifies that the given item is not empty.</doc>
<msg timestamp="20251023 00:05:46.929" level="INFO">Length is 25</msg>
<status status="PASS" starttime="20251023 00:05:46.929" endtime="20251023 00:05:46.929"/>
</kw>
<kw name="Should Not Be Empty" library="BuiltIn">
<arg>${ios_sku}</arg>
<doc>Verifies that the given item is not empty.</doc>
<msg timestamp="20251023 00:05:46.930" level="INFO">Length is 33</msg>
<status status="PASS" starttime="20251023 00:05:46.929" endtime="20251023 00:05:46.930"/>
</kw>
<status status="PASS" starttime="20251023 00:05:46.846" endtime="20251023 00:05:46.930"/>
</iter>
<iter>
<var name="${index}">1</var>
<kw name="Set Variable" library="BuiltIn">
<var>${json_response}</var>
<arg>${response.json()}</arg>
<doc>Returns the given values which can then be assigned to a variables.</doc>
[...]
 </msg>
<msg timestamp="20251023 00:05:52.322" level="INFO">${response} = &lt;Response [200]&gt;</msg>
<status status="PASS" starttime="20251023 00:05:51.138" endtime="20251023 00:05:52.322"/>
</kw>
<kw name="Validate Match/VOD Response Match details" library="Get_Sport">
<arg>${response}</arg>
<kw name="Set Variable" library="BuiltIn">
<var>${json_response}</var>
<arg>${response.json()}</arg>
<doc>Returns the given values which can then be assigned to a variables.</doc>
<msg timestamp="20251023 00:05:52.324" level="INFO">${json_response} = {'data': {'id': 6, 'match_date': '2025-07-16T14:50:00+07:00', 'home_score': 0, 'away_score': 0, 'home_team': {'id': 9, 'name': 'แมนเชสเตอร์ซิตี', 'short_name': 'Man City', 'abbr': 'MCI', 'logo': 'http...</msg>
<status status="PASS" starttime="20251023 00:05:52.323" endtime="20251023 00:05:52.324"/>
</kw>
<kw name="Json Value" library="common">
<var>${title}</var>
<arg>${json_response}</arg>
<arg>$.data.streams.track_data.video_title</arg>
<kw name="Get Value From Json" library="JSONLibrary">
<var>${value}</var>
<arg>${body}</arg>
<arg>${jsonpath}</arg>
<doc>Get Value From JSON using JSONPath</doc>
<msg timestamp="20251023 00:05:52.341" level="INFO">${value} = ['20250716 Manchester City - Leicester City']</msg>
<status status="PASS" starttime="20251023 00:05:52.325" endtime="20251023 00:05:52.341"/>
</kw>
<msg timestamp="20251023 00:05:52.342" level="INFO">${title} = 20250716 Manchester City - Leicester City</msg>
<status status="PASS" starttime="20251023 00:05:52.324" endtime="20251023 00:05:52.342"/>
</kw>
<kw name="Json Value" library="common">
<var>${user_tier}</var>
<arg>${json_response}</arg>
<arg>$.data.streams.track_data.viewer_plan_category</arg>
<kw name="Get Value From Json" library="JSONLibrary">
<var>${value}</var>
<arg>${body}</arg>
<arg>${jsonpath}</arg>
<doc>Get Value From JSON using JSONPath</doc>
<msg timestamp="20251023 00:05:52.351" level="INFO">${value} = ['SPORTS']</msg>
<status status="PASS" starttime="20251023 00:05:52.342" endtime="20251023 00:05:52.351"/>
</kw>
<msg timestamp="20251023 00:05:52.351" level="INFO">${user_tier} = SPORTS</msg>
<status status="PASS" starttime="20251023 00:05:52.342" endtime="20251023 00:05:52.351"/>
</kw>
<kw name="Log To Console" library="BuiltIn">
<arg>\nMatch title: ${title}</arg>
<doc>Logs the given message to the console.</doc>
<status status="PASS" starttime="20251023 00:05:52.351" endtime="20251023 00:05:52.351"/>
</kw>
<kw name="Log To Console" library="BuiltIn">
<arg>User tier: ${user_tier}</arg>
<doc>Logs the given message to the console.</doc>
<status status="PASS" starttime="20251023 00:05:52.351" endtime="20251023 00:05:52.352"/>
</kw>
<status status="PASS" starttime="20251023 00:05:52.322" endtime="20251023 00:05:52.352"/>
</kw>
<kw name="Validate Match/VOD Response Upsell action" library="Get_Sport">
<arg>${response}</arg>
<kw name="Set Variable" library="BuiltIn">
<var>${json_response}</var>
<arg>${response.json()}</arg>
<doc>Returns the given values which can then be assigned to a variables.</doc>
<msg timestamp="20251023 00:05:52.352" level="INFO">${json_response} = {'data': {'id': 6, 'match_date': '2025-07-16T14:50:00+07:00', 'home_score': 0, 'away_score': 0, 'home_team': {'id': 9, 'name': 'แมนเชสเตอร์ซิตี', 'short_name': 'Man City', 'abbr': 'MCI', 'logo': 'http...</msg>
<status status="PASS" starttime="20251023 00:05:52.352" endtime="20251023 00:05:52.352"/>
</kw>
<kw name="Json Value" library="common">
<var>${upsell_flag}</var>
<arg>${json_response}</arg>
<arg>$.extra.is_show_upsell</arg>
<kw name="Get Value From Json" library="JSONLibrary">
<var>${value}</var>
<arg>${body}</arg>
<arg>${jsonpath}</arg>
<doc>Get Value From JSON using JSONPath</doc>
<msg timestamp="20251023 00:05:52.361" level="INFO">${value} = [False]</msg>
<status status="PASS" starttime="20251023 00:05:52.353" endtime="20251023 00:05:52.361"/>
</kw>
<msg timestamp="20251023 00:05:52.361" level="INFO">${upsell_flag} = False</msg>
<status status="PASS" starttime="20251023 00:05:52.352" endtime="20251023 00:05:52.361"/>
</kw>
<if>
<branch type="IF" condition="${upsell_flag} == True">
<kw name="Log Upsell Block" library="Get_Sport">
<arg>${json_response}</arg>
<arg>Upsell Player</arg>
<arg>$.extra.upsell</arg>
<status status="NOT RUN" starttime="20251023 00:05:52.362" endtime="20251023 00:05:52.362"/>
</kw>
<kw name="Log Upsell Block" library="Get_Sport">
<arg>${json_response}</arg>
<arg>Upsell End Player</arg>
<arg>$.extra.upsell_ended</arg>
<status status="NOT RUN" starttime="20251023 00:05:52.362" endtime="20251023 00:05:52.362"/>
</kw>
<status status="NOT RUN" starttime="20251023 00:05:52.361" endtime="20251023 00:05:52.362"/>
</branch>
<branch type="ELSE">
<kw name="Log To Console" library="BuiltIn">
<arg>No Upsell</arg>
<doc>Logs the given message to the console.</doc>
<status status="PASS" starttime="20251023 00:05:52.362" endtime="20251023 00:05:52.362"/>
</kw>
<status status="PASS" starttime="20251023 00:05:52.362" endtime="20251023 00:05:52.362"/>
</branch>
<status status="PASS" starttime="20251023 00:05:52.361" endtime="20251023 00:05:52.362"/>
</if>
<status status="PASS" starttime="20251023 00:05:52.352" endtime="20251023 00:05:52.362"/>
</kw>
<status status="PASS" starttime="20251023 00:05:51.137" endtime="20251023 00:05:52.362"/>
</kw>
<status status="PASS" starttime="20251023 00:05:51.136" endtime="20251023 00:05:52.363"/>
</test>
<test id="s1-s6-t2" name="Test case Get VOD Stream Monomax" line="8">
<kw name="Get VOD Stream Monomax" library="Get_Sport">
<arg>${vod_id}</arg>
<kw name="Create Session" library="RequestsLibrary">
<arg>GET_VOD</arg>
<arg>${Base_url}</arg>
<arg>verify=${Verify_flag}</arg>
<arg>disable_warnings=${Warning_flag}</arg>
<doc>Create Session: create a HTTP session to a server</doc>
<msg timestamp="20251023 00:05:52.365" level="INFO">Creating Session using : alias=GET_VOD, url=https://staging.monomax.me/api/v2, headers={},                     cookies={}, auth=None, timeout=None, proxies=None, verify=False,                     debug=0 </msg>
<status status="PASS" starttime="20251023 00:05:52.365" endtime="20251023 00:05:52.365"/>
</kw>
<kw name="Authorization Monomax" library="common">
<var>${headers}</var>
<kw name="Create Dictionary" library="BuiltIn">
<var>${headers}</var>
<arg>Authorization=Bearer ${ACCESS_TOKEN}</arg>
<doc>Creates and returns a dictionary based on the given ``items``.</doc>
<msg timestamp="20251023 00:05:52.366" level="INFO">${headers} = {'Authorization': 'Bearer wLIc7hezQ9kvFyaLX91sPyC3f9kt5SEdWtuuYRsK'}</msg>
<status status="PASS" starttime="20251023 00:05:52.365" endtime="20251023 00:05:52.366"/>
</kw>
<return>
<value>${headers}</value>
<status status="PASS" starttime="20251023 00:05:52.366" endtime="20251023 00:05:52.366"/>
</return>
<msg timestamp="20251023 00:05:52.366" level="INFO">${headers} = {'Authorization': 'Bearer wLIc7hezQ9kvFyaLX91sPyC3f9kt5SEdWtuuYRsK'}</msg>
<status status="PASS" starttime="20251023 00:05:52.365" endtime="20251023 00:05:52.366"/>
</kw>
<kw name="GET On Session" library="RequestsLibrary">
<var>${response}</var>
<arg>GET_VOD</arg>
<arg>/sports/vods/${VodID}/streams</arg>
<arg>headers=${headers}</arg>
<doc>Sends a GET request on a previously created HTTP Session.</doc>
<msg timestamp="20251023 00:05:52.759" level="INFO">GET Request : url=https://staging.monomax.me/api/v2/sports/vods/94/streams 
 path_url=/api/v2/sports/vods/94/streams 
 headers={'User-Agent': 'python-requests/2.32.3', 'Accept-Encoding': 'gzip, deflate', 'Accept': '*/*', 'Connection': 'keep-alive', 'Authorization': 'Bearer wLIc7hezQ9kvFyaLX91sPyC3f9kt5SEdWtuuYRsK'} 
 body=None 
 </msg>
<msg timestamp="20251023 00:05:52.759" level="INFO">GET Response : url=https://staging.monomax.me/api/v2/sports/vods/94/streams 
 status=200, reason=OK 
 headers={'Content-Type': 'application/json', 'Transfer-Encoding': 'chunked', 'Connection': 'keep-alive', 'Date': 'Wed, 22 Oct 2025 17:05:50 GMT', 'Cache-Control': 'no-cache, private', 'Access-Control-Allow-Origin': '*', 'Server': 'nginx', 'X-Cache': 'Miss from cloudfront', 'Via': '1.1 de47720d06c05e6d2a827e2b3f978206.cloudfront.net (CloudFront)', 'X-Amz-Cf-Pop': 'BKK50-P3', 'X-Amz-Cf-Id': '14GTuYCoM_SjWMupvQKa-Chxlq1ZdP0qdaR8peoftqeOGyRCXIiGYw==', 'X-XSS-Protection': '1; mode=block', 'X-Frame-Options': 'SAMEORIGIN', 'Referrer-Policy': 'strict-origin-when-cross-origin', 'X-Content-Type-Options': 'nosniff', 'Strict-Transport-Security': 'max-age=31536000'} 
 body={"data":{"id":94,"vpp_content_id":"VOD-94","content_type":"full_match","title":"\u0e25\u0e34\u0e40\u0e27\u0e2d\u0e23\u0e4c\u0e1e\u0e39\u0e25 - \u0e40\u0e0a\u0e25\u0e0b\u0e35","thumbnail_url":"https:\/\/img.monomax.me\/isRZQV8f8UIfeQmAqYIGnEXi570=\/0x630\/dspmybbtch7bd.cloudfront.net\/stgdev\/vods\/YKxFZMAFJbzy6WPH11elpuiaQajoKvFZ6GjExtYC.png","duration":4000,"streams":{"drm_enabled":false,"init_token":null,"hls":{"default":{"link":"https:\/\/staging-sport-vod.monomax.me\/2025-2026\/clear\/hls\/202507210647_d85e2468\/02.00%20Chelsea%20FC%20vs%20Paris%20Saint-Germain.m3u8","bitrate":"auto"}},"dash":{"default":{"link":"https:\/\/staging-sport-vod.monomax.me\/2025-2026\/clear\/dash\/202507210647_d85e2468\/02.00%20Chelsea%20FC%20vs%20Paris%20Saint-Germain.mpd","bitrate":"auto"}},"track_data":{"video_id":"SV-94","video_title":"Liverpool - Chelsea ","video_content_type":"full_match","video_series":"epl","video_stream_type":"vod","viewer_user_id":14410369,"viewer_plan":313,"viewer_plan_category":"SPORTS","custom_1":313,"custom_2":15,"custom_3":23}},"match":{"id":31,"match_date":"2025-06-07T14:00:00+07:00","home_score":0,"away_score":0,"home_team":{"id":15,"name":"\u0e04\u0e23\u0e34\u0e2a\u0e15\u0e31\u0e25\u0e1e\u0e32\u0e40\u0e25\u0e0b","short_name":"Crystal Palace","abbr":"CRY","logo":"https:\/\/img.monomax.me\/ODZjg5AkOd7I_cEt6Q8THKaQ90Q=\/0x630\/dspmybbtch7bd.cloudfront.net\/stgdev\/teams\/5Uu3VKyBCkvLBwEiSr9FY9eYGEQmPVNHGaOYV8Fu.png","competitions":[],"sport_type":"football","created_at":"2025-03-31T10:39:56+07:00"},"away_team":{"id":23,"name":"\u0e1a\u0e2d\u0e23\u0e4c\u0e19\u0e21\u0e31\u0e18","short_name":"Bournemouth","abbr":"BOU","logo":"https:\/\/img.monomax.me\/2XnsIClSsKuUq3GhQzbhVhAhUVQ=\/0x630\/dspmybbtch7bd.cloudfront.net\/stgdev\/teams\/Z7eo5Ad7d265qShc3ipgxFxpsBLlZJCf37Hg11QU.png","competitions":[],"sport_type":"football","created_at":"2025-03-31T10:53:52+07:00"},"match_status":"completed","live_start_time":"2025-06-23T14:00:00+07:00","live_end_time":"2025-06-24T14:30:00+07:00","thumbnail_url":"https:\/\/img.monomax.me\/6suSZIx_NhD9fY7VVFguV3tPwwY=\/0x630\/dspmybbtch7bd.cloudfront.net\/stgdev\/matches\/0cLrFesjJqdoLt6uC91W76NrlHVh3CkFsMAy1eAp.png","watch_tier_allowed":true,"competition":"epl","geoip_inherit":true,"geoip_countries":[],"tiers_inherit":true,"cdns_inherit":true,"cdns":[],"allow_tiers":["SPORTS"],"competition_info":{"id":1,"name":"\u0e1e\u0e23\u0e35\u0e40\u0e21\u0e35\u0e22\u0e23\u0e4c\u0e25\u0e35\u0e01\u0e2d\u0e31\u0e07\u0e01\u0e24\u0e29","season":"2025\/2026","sport_type":"football","logo":"https:\/\/img.monomax.me\/y3cKy2CtmSa9MaAooAyI4pfQXNg=\/0x630\/dspmybbtch7bd.cloudfront.net\/stgdev\/competitions\/QF2dramDnOuBtZb8S0FmBnIdeRDskKVUsN2540yB.png","logo_square":"https:\/\/img.monomax.me\/-vLxbcMND0nYELOZgwa11KDapOU=\/0x480\/dspmybbtch7bd.cloudfront.net\/stgdev\/competitions\/tgN6aJVPeqb3UePTssZRbAiHMNAC8V3tVyiFuhiE.png","backdrop_image":"https:\/\/img.monomax.me\/WgYjmF6B9Dzj9NI3xeOuXwosVCQ=\/0x630\/dspmybbtch7bd.cloudfront.net\/stgdev\/competitions\/UEvdAs4V8B263V72Wt3EFH9TPqn9OGlRueqoIdV2.png","slug":"epl"},"created_at":"2025-06-06T14:32:50+07:00","track":[{"on":"click","event":"sport_match_click","params":{"item_id":31,"item_type":"match","item_title":"20250607 Crystal Palace - Bournemouth","home_team_id":15,"away_team_id":23,"competition":"epl"}}]},"team":null,"category_display":"\u0e1e\u0e23\u0e35\u0e40\u0e21\u0e35\u0e22\u0e23\u0e4c\u0e25\u0e35\u0e01\u0e2d\u0e31\u0e07\u0e01\u0e24\u0e29 - \u0e40\u0e15\u0e47\u0e21\u0e41\u0e21\u0e17\u0e0a\u0e4c\u0e22\u0e49\u0e2d\u0e19\u0e2b\u0e25\u0e31\u0e07","watch_tier_allowed":true,"created_at":"2025-10-01T10:26:49+07:00","track":[{"on":"click","event":"sport_vod_click","params":{"item_id":94,"item_type":"vod","item_title":"Liverpool - Chelsea ","content_type":"full_match"}}]},"extra":{"is_show_upsell":false,"upsell":null,"upsell_ended":null}} 
 </msg>
<msg timestamp="20251023 00:05:52.760" level="INFO">${response} = &lt;Response [200]&gt;</msg>
<status status="PASS" starttime="20251023 00:05:52.366" endtime="20251023 00:05:52.760"/>
</kw>
<kw name="Validate Match/VOD Response Match details" library="Get_Sport">
<arg>${response}</arg>
<kw name="Set Variable" library="BuiltIn">
<var>${json_response}</var>
<arg>${response.json()}</arg>
<doc>Returns the given values which can then be assigned to a variables.</doc>
<msg timestamp="20251023 00:05:52.762" level="INFO">${json_response} = {'data': {'id': 94, 'vpp_content_id': 'VOD-94', 'content_type': 'full_match', 'title': 'ลิเวอร์พูล - เชลซี', 'thumbnail_url': 'https://img.monomax.me/isRZQV8f8UIfeQmAqYIGnEXi570=/0x630/dspmybbtch7bd.c...</msg>
<status status="PASS" starttime="20251023 00:05:52.761" endtime="20251023 00:05:52.762"/>
</kw>
<kw name="Json Value" library="common">
<var>${title}</var>
<arg>${json_response}</arg>
<arg>$.data.streams.track_data.video_title</arg>
<kw name="Get Value From Json" library="JSONLibrary">
<var>${value}</var>
<arg>${body}</arg>
<arg>${jsonpath}</arg>
<doc>Get Value From JSON using JSONPath</doc>
<msg timestamp="20251023 00:05:52.772" level="INFO">${value} = ['Liverpool - Chelsea ']</msg>
<status status="PASS" starttime="20251023 00:05:52.763" endtime="20251023 00:05:52.772"/>
</kw>
<msg timestamp="20251023 00:05:52.773" level="INFO">${title} = Liverpool - Chelsea </msg>
<status status="PASS" starttime="20251023 00:05:52.762" endtime="20251023 00:05:52.773"/>
</kw>
<kw name="Json Value" library="common">
<var>${user_tier}</var>
<arg>${json_response}</arg>
<arg>$.data.streams.track_data.viewer_plan_category</arg>
<kw name="Get Value From Json" library="JSONLibrary">
<var>${value}</var>
<arg>${body}</arg>
<arg>${jsonpath}</arg>
<doc>Get Value From JSON using JSONPath</doc>
<msg timestamp="20251023 00:05:52.781" level="INFO">${value} = ['SPORTS']</msg>
<status status="PASS" starttime="20251023 00:05:52.773" endtime="20251023 00:05:52.781"/>
</kw>
<msg timestamp="20251023 00:05:52.781" level="INFO">${user_tier} = SPORTS</msg>
<status status="PASS" starttime="20251023 00:05:52.773" endtime="20251023 00:05:52.781"/>
</kw>
<kw name="Log To Console" library="BuiltIn">
<arg>\nMatch title: ${title}</arg>
<doc>Logs the given message to the console.</doc>
<status status="PASS" starttime="20251023 00:05:52.781" endtime="20251023 00:05:52.782"/>
</kw>
<kw name="Log To Console" library="BuiltIn">
<arg>User tier: ${user_tier}</arg>
<doc>Logs the given message to the console.</doc>
<status status="PASS" starttime="20251023 00:05:52.782" endtime="20251023 00:05:52.782"/>
</kw>
<status status="PASS" starttime="20251023 00:05:52.760" endtime="20251023 00:05:52.782"/>
</kw>
<kw name="Validate Match/VOD Response Upsell action" library="Get_Sport">
<arg>${response}</arg>
<kw name="Set Variable" library="BuiltIn">
<var>${json_response}</var>
<arg>${response.json()}</arg>
<doc>Returns the given values which can then be assigned to a variables.</doc>
<msg timestamp="20251023 00:05:52.783" level="INFO">${json_response} = {'data': {'id': 94, 'vpp_content_id': 'VOD-94', 'content_type': 'full_match', 'title': 'ลิเวอร์พูล - เชลซี', 'thumbnail_url': 'https://img.monomax.me/isRZQV8f8UIfeQmAqYIGnEXi570=/0x630/dspmybbtch7bd.c...</msg>
<status status="PASS" starttime="20251023 00:05:52.782" endtime="20251023 00:05:52.783"/>
</kw>
<kw name="Json Value" library="common">
<var>${upsell_flag}</var>
<arg>${json_response}</arg>
<arg>$.extra.is_show_upsell</arg>
<kw name="Get Value From Json" library="JSONLibrary">
<var>${value}</var>
<arg>${body}</arg>
<arg>${jsonpath}</arg>
<doc>Get Value From JSON using JSONPath</doc>
<msg timestamp="20251023 00:05:52.797" level="INFO">${value} = [False]</msg>
<status status="PASS" starttime="20251023 00:05:52.783" endtime="20251023 00:05:52.797"/>
</kw>
<msg timestamp="20251023 00:05:52.798" level="INFO">${upsell_flag} = False</msg>
<status status="PASS" starttime="20251023 00:05:52.783" endtime="20251023 00:05:52.798"/>
</kw>
<if>
<branch type="IF" condition="${upsell_flag} == True">
<kw name="Log Upsell Block" library="Get_Sport">
<arg>${json_response}</arg>
<arg>Upsell Player</arg>
<arg>$.extra.upsell</arg>
<status status="NOT RUN" starttime="20251023 00:05:52.798" endtime="20251023 00:05:52.798"/>
</kw>
<kw name="Log Upsell Block" library="Get_Sport">
<arg>${json_response}</arg>
<arg>Upsell End Player</arg>
<arg>$.extra.upsell_ended</arg>
<status status="NOT RUN" starttime="20251023 00:05:52.798" endtime="20251023 00:05:52.798"/>
</kw>
<status status="NOT RUN" starttime="20251023 00:05:52.798" endtime="20251023 00:05:52.798"/>
</branch>
<branch type="ELSE">
<kw name="Log To Console" library="BuiltIn">
<arg>No Upsell</arg>
<doc>Logs the given message to the console.</doc>
<status status="PASS" starttime="20251023 00:05:52.798" endtime="20251023 00:05:52.798"/>
</kw>
<status status="PASS" starttime="20251023 00:05:52.798" endtime="20251023 00:05:52.798"/>
</branch>
<status status="PASS" starttime="20251023 00:05:52.798" endtime="20251023 00:05:52.798"/>
</if>
<status status="PASS" starttime="20251023 00:05:52.782" endtime="20251023 00:05:52.798"/>
</kw>
<status status="PASS" starttime="20251023 00:05:52.365" endtime="20251023 00:05:52.798"/>
</kw>
<status status="PASS" starttime="20251023 00:05:52.364" endtime="20251023 00:05:52.799"/>
</test>
<status status="PASS" starttime="20251023 00:05:51.132" endtime="20251023 00:05:52.799"/>
</suite>
<status status="PASS" starttime="20251023 00:05:42.595" endtime="20251023 00:05:52.800"/>
</suite>
<statistics>
<total>
<stat pass="7" fail="0" skip="0">All Tests</stat>
</total>
<tag>
</tag>
<suite>
<stat pass="7" fail="0" skip="0" id="s1" name="Tests">Tests</stat>
<stat pass="1" fail="0" skip="0" id="s1-s1" name="Get Home">Tests.Get Home</stat>
<stat pass="1" fail="0" skip="0" id="s1-s2" name="Get Package">Tests.Get Package</stat>
<stat pass="1" fail="0" skip="0" id="s1-s3" name="Get Prepurchase">Tests.Get Prepurchase</stat>
<stat pass="1" fail="0" skip="0" id="s1-s4" name="Get Profile">Tests.Get Profile</stat>
<stat pass="1" fail="0" skip="0" id="s1-s5" name="Get Sporthome">Tests.Get Sporthome</stat>
<stat pass="2" fail="0" skip="0" id="s1-s6" name="Get Stream">Tests.Get Stream</stat>
</suite>
</statistics>
<errors>
<msg timestamp="20251023 00:05:48.899" level="WARN">Not allowed to purchase | Reason: คุณมีแพ็กเกจที่ซื้อผ่าน Backoffice อยู่แล้ว ไม่สามารถซื้อผ่าน Apple AppStore ได้อีก</msg>
</errors>
</robot>
